<?xml version="1.0" encoding="UTF-8"?>
<robot generator="Robot 4.1.3 (Python 3.9.10 on win32)" generated="20220218 22:17:54.549" rpa="false" schemaversion="2">
<suite id="s1" name="Tests" source="C:\Users\tarun.jaiswal\PycharmProjects\pythonProject\robotframework\tests">
<suite id="s1-s1" name="testDemo2" source="C:\Users\tarun.jaiswal\PycharmProjects\pythonProject\robotframework\tests\testDemo2.robot">
<test id="s1-s1-t1" name="Validated child window functionality">
<kw name="open the browser with the Mortage payment url" library="generic" type="SETUP">
<kw name="Create Webdriver" library="SeleniumLibrary">
<arg>Chrome</arg>
<arg>executable_path=${exec_path}</arg>
<doc>Creates an instance of Selenium WebDriver.</doc>
<msg timestamp="20220218 22:17:55.027" level="INFO">Creating an instance of the Chrome WebDriver.</msg>
<status status="PASS" starttime="20220218 22:17:55.027" endtime="20220218 22:17:58.370"/>
</kw>
<kw name="Go To" library="SeleniumLibrary">
<arg>${url}</arg>
<doc>Navigates the current browser window to the provided ``url``.</doc>
<msg timestamp="20220218 22:17:58.371" level="INFO">Opening url 'https://rahulshettyacademy.com/loginpagePractise/'</msg>
<status status="PASS" starttime="20220218 22:17:58.370" endtime="20220218 22:18:00.605"/>
</kw>
<status status="PASS" starttime="20220218 22:17:55.026" endtime="20220218 22:18:00.606"/>
</kw>
<kw name="Select the link of child window">
<kw name="Click Element" library="SeleniumLibrary">
<arg>css:.blinkingText</arg>
<doc>Click the element identified by ``locator``.</doc>
<msg timestamp="20220218 22:18:00.610" level="INFO">Clicking element 'css:.blinkingText'.</msg>
<status status="PASS" starttime="20220218 22:18:00.608" endtime="20220218 22:18:01.014"/>
</kw>
<kw name="Sleep" library="BuiltIn">
<arg>5</arg>
<doc>Pauses the test executed for the given time.</doc>
<msg timestamp="20220218 22:18:06.023" level="INFO">Slept 5 seconds</msg>
<status status="PASS" starttime="20220218 22:18:01.014" endtime="20220218 22:18:06.023"/>
</kw>
<status status="PASS" starttime="20220218 22:18:00.606" endtime="20220218 22:18:06.023"/>
</kw>
<kw name="Verify the user is switched to child window">
<kw name="Switch Window" library="SeleniumLibrary">
<arg>NEW</arg>
<doc>Switches to browser window matching ``locator``.</doc>
<status status="PASS" starttime="20220218 22:18:06.024" endtime="20220218 22:18:06.032"/>
</kw>
<kw name="Element Text Should Be" library="SeleniumLibrary">
<arg>css:h1</arg>
<arg>DOCUMENTS REQUEST</arg>
<doc>Verifies that element ``locator`` contains exact the text ``expected``.</doc>
<msg timestamp="20220218 22:18:06.032" level="INFO">Verifying element 'css:h1' contains exact text 'DOCUMENTS REQUEST'.</msg>
<status status="PASS" starttime="20220218 22:18:06.032" endtime="20220218 22:18:10.773"/>
</kw>
<status status="PASS" starttime="20220218 22:18:06.023" endtime="20220218 22:18:10.773"/>
</kw>
<kw name="Grab the email in the child window">
<kw name="Get Text" library="SeleniumLibrary">
<var>${text}</var>
<arg>css:.red</arg>
<doc>Returns the text value of the element identified by ``locator``.</doc>
<msg timestamp="20220218 22:18:10.943" level="INFO">${text} = Please email us at mentor@rahulshettyacademy.com with below template to receive response</msg>
<status status="PASS" starttime="20220218 22:18:10.774" endtime="20220218 22:18:10.943"/>
</kw>
<kw name="Split String" library="String">
<var>@{words}</var>
<arg>${text}</arg>
<arg>at</arg>
<doc>Splits the ``string`` using ``separator`` as a delimiter string.</doc>
<msg timestamp="20220218 22:18:10.944" level="INFO">@{words} = [ Please email us  |  mentor@rahulshettyacademy.com with below templ | e to receive response ]</msg>
<status status="PASS" starttime="20220218 22:18:10.943" endtime="20220218 22:18:10.944"/>
</kw>
<kw name="Get From List" library="Collections">
<var>${text_split}</var>
<arg>${words}</arg>
<arg>1</arg>
<doc>Returns the value specified with an ``index`` from ``list``.</doc>
<msg timestamp="20220218 22:18:10.945" level="INFO">${text_split} =  mentor@rahulshettyacademy.com with below templ</msg>
<status status="PASS" starttime="20220218 22:18:10.945" endtime="20220218 22:18:10.945"/>
</kw>
<kw name="Split String" library="String">
<var>@{new_words}</var>
<arg>${text_split}</arg>
<doc>Splits the ``string`` using ``separator`` as a delimiter string.</doc>
<msg timestamp="20220218 22:18:10.946" level="INFO">@{new_words} = [ mentor@rahulshettyacademy.com | with | below | templ ]</msg>
<status status="PASS" starttime="20220218 22:18:10.945" endtime="20220218 22:18:10.946"/>
</kw>
<kw name="Get From List" library="Collections">
<var>${text_email}</var>
<arg>${new_words}</arg>
<arg>0</arg>
<doc>Returns the value specified with an ``index`` from ``list``.</doc>
<msg timestamp="20220218 22:18:10.947" level="INFO">${text_email} = mentor@rahulshettyacademy.com</msg>
<status status="PASS" starttime="20220218 22:18:10.946" endtime="20220218 22:18:10.947"/>
</kw>
<kw name="Log" library="BuiltIn">
<arg>${text_email}</arg>
<doc>Logs the given message with the given level.</doc>
<msg timestamp="20220218 22:18:10.951" level="INFO">mentor@rahulshettyacademy.com</msg>
<status status="PASS" starttime="20220218 22:18:10.947" endtime="20220218 22:18:10.951"/>
</kw>
<kw name="Set Global Variable" library="BuiltIn">
<arg>${text_email}</arg>
<doc>Makes a variable available globally in all tests and suites.</doc>
<msg timestamp="20220218 22:18:10.953" level="INFO">${text_email} = mentor@rahulshettyacademy.com</msg>
<status status="PASS" starttime="20220218 22:18:10.952" endtime="20220218 22:18:10.953"/>
</kw>
<status status="PASS" starttime="20220218 22:18:10.774" endtime="20220218 22:18:10.953"/>
</kw>
<kw name="Switch to the parent window and enter the Email">
<kw name="Switch Window" library="SeleniumLibrary">
<arg>MAIN</arg>
<doc>Switches to browser window matching ``locator``.</doc>
<status status="PASS" starttime="20220218 22:18:10.954" endtime="20220218 22:18:11.019"/>
</kw>
<kw name="Title Should Be" library="SeleniumLibrary">
<arg>LoginPage Practise | Rahul Shetty Academy</arg>
<doc>Verifies that the current page title equals ``title``.</doc>
<msg timestamp="20220218 22:18:11.038" level="INFO">Page title is 'LoginPage Practise | Rahul Shetty Academy'.</msg>
<status status="PASS" starttime="20220218 22:18:11.019" endtime="20220218 22:18:11.039"/>
</kw>
<kw name="Input Text" library="SeleniumLibrary">
<arg>id:username</arg>
<arg>${text_email}</arg>
<doc>Types the given ``text`` into the text field identified by ``locator``.</doc>
<msg timestamp="20220218 22:18:11.040" level="INFO">Typing text 'mentor@rahulshettyacademy.com' into text field 'id:username'.</msg>
<status status="PASS" starttime="20220218 22:18:11.039" endtime="20220218 22:18:11.305"/>
</kw>
<status status="PASS" starttime="20220218 22:18:10.954" endtime="20220218 22:18:11.305"/>
</kw>
<status status="PASS" starttime="20220218 22:17:55.025" endtime="20220218 22:18:11.305"/>
</test>
<doc>To Valid the login page</doc>
<status status="PASS" starttime="20220218 22:17:54.599" endtime="20220218 22:18:11.307"/>
</suite>
<status status="PASS" starttime="20220218 22:17:54.555" endtime="20220218 22:18:11.309"/>
</suite>
<statistics>
<total>
<stat pass="1" fail="0" skip="0">All Tests</stat>
</total>
<tag>
</tag>
<suite>
<stat pass="1" fail="0" skip="0" id="s1" name="Tests">Tests</stat>
<stat pass="1" fail="0" skip="0" id="s1-s1" name="testDemo2">Tests.testDemo2</stat>
</suite>
</statistics>
<errors>
<msg timestamp="20220218 22:17:54.552" level="ERROR">Taking listener 'RobotStackTracer' into use failed: Importing listener 'RobotStackTracer' failed: ModuleNotFoundError: No module named 'RobotStackTracer'
Traceback (most recent call last):
  None
PYTHONPATH:
  C:\Users\tarun.jaiswal\PycharmProjects\pythonProject\venv\Scripts\robot.exe
  C:\Users\tarun.jaiswal\AppData\Local\Programs\Python\Python39\python39.zip
  C:\Users\tarun.jaiswal\AppData\Local\Programs\Python\Python39\DLLs
  C:\Users\tarun.jaiswal\AppData\Local\Programs\Python\Python39\lib
  C:\Users\tarun.jaiswal\AppData\Local\Programs\Python\Python39
  c:\users\tarun.jaiswal\pycharmprojects\pythonproject\venv
  c:\users\tarun.jaiswal\pycharmprojects\pythonproject\venv\lib\site-packages</msg>
</errors>
</robot>
