<?xml version="1.0" encoding="UTF-8"?>
<robot generator="Robot 4.1.3 (Python 3.9.10 on win32)" generated="20220227 18:42:52.816" rpa="false" schemaversion="2">
<suite id="s1" name="testDemo8" source="C:\Users\tarun.jaiswal\PycharmProjects\pythonProject\robotframework\tests\testDemo8.robot">
<test id="s1-t1" name="Play around with Dictinoary">
<kw name="Create Dictionary" library="BuiltIn">
<var>&amp;{data}</var>
<arg>name=rahulshetty</arg>
<arg>course=robot</arg>
<arg>website=rahulshettyacademy.com</arg>
<doc>Creates and returns a dictionary based on the given ``items``.</doc>
<msg timestamp="20220227 18:42:53.188" level="INFO">&amp;{data} = { name=rahulshetty | course=robot | website=rahulshettyacademy.com }</msg>
<status status="PASS" starttime="20220227 18:42:53.188" endtime="20220227 18:42:53.188"/>
</kw>
<kw name="Log" library="BuiltIn">
<arg>${data}</arg>
<doc>Logs the given message with the given level.</doc>
<msg timestamp="20220227 18:42:53.189" level="INFO">{'name': 'rahulshetty', 'course': 'robot', 'website': 'rahulshettyacademy.com'}</msg>
<status status="PASS" starttime="20220227 18:42:53.189" endtime="20220227 18:42:53.189"/>
</kw>
<kw name="Dictionary Should Contain Key" library="Collections">
<arg>${data}</arg>
<arg>name</arg>
<doc>Fails if ``key`` is not found from ``dictionary``.</doc>
<status status="PASS" starttime="20220227 18:42:53.189" endtime="20220227 18:42:53.189"/>
</kw>
<kw name="Log" library="BuiltIn">
<arg>${data}[name]</arg>
<doc>Logs the given message with the given level.</doc>
<msg timestamp="20220227 18:42:53.190" level="INFO">rahulshetty</msg>
<status status="PASS" starttime="20220227 18:42:53.190" endtime="20220227 18:42:53.190"/>
</kw>
<kw name="Get From Dictionary" library="Collections">
<var>${url}</var>
<arg>${data}</arg>
<arg>website</arg>
<doc>Returns a value from the given ``dictionary`` based on the given ``key``.</doc>
<msg timestamp="20220227 18:42:53.190" level="INFO">${url} = rahulshettyacademy.com</msg>
<status status="PASS" starttime="20220227 18:42:53.190" endtime="20220227 18:42:53.190"/>
</kw>
<kw name="Log" library="BuiltIn">
<arg>${url}</arg>
<doc>Logs the given message with the given level.</doc>
<msg timestamp="20220227 18:42:53.190" level="INFO">rahulshettyacademy.com</msg>
<status status="PASS" starttime="20220227 18:42:53.190" endtime="20220227 18:42:53.190"/>
</kw>
<tag>API</tag>
<status status="PASS" starttime="20220227 18:42:53.188" endtime="20220227 18:42:53.190"/>
</test>
<test id="s1-t2" name="Add Book into Library DataBase">
<kw name="Create Dictionary" library="BuiltIn">
<var>&amp;{req_body}</var>
<arg>name=${book_name}</arg>
<arg>isbn=942303</arg>
<arg>aisle=324534</arg>
<arg>author=rahulshetty</arg>
<doc>Creates and returns a dictionary based on the given ``items``.</doc>
<msg timestamp="20220227 18:42:53.191" level="INFO">&amp;{req_body} = { name=RobotFramework | isbn=942303 | aisle=324534 | author=rahulshetty }</msg>
<status status="PASS" starttime="20220227 18:42:53.191" endtime="20220227 18:42:53.191"/>
</kw>
<kw name="POST" library="RequestsLibrary">
<var>${response}</var>
<arg>${base_url}/Library/Addbook.php</arg>
<arg>json=${req_body}</arg>
<arg>expected_status=200</arg>
<doc>Sends a POST request.</doc>
<msg timestamp="20220227 18:42:53.699" level="INFO">POST Request : url=https://rahulshettyacademy.com/Library/Addbook.php 
 path_url=/Library/Addbook.php 
 headers={'User-Agent': 'python-requests/2.27.1', 'Accept-Encoding': 'gzip, deflate', 'Accept': '*/*', 'Connection': 'keep-alive', 'Content-Length': '88', 'Content-Type': 'application/json'} 
 body=b'{"name": "RobotFramework", "isbn": "942303", "aisle": "324534", "author": "rahulshetty"}' 
 </msg>
<msg timestamp="20220227 18:42:53.699" level="INFO">POST Response : url=https://rahulshettyacademy.com/Library/Addbook.php 
 status=200, reason=OK 
 headers={'Date': 'Sun, 27 Feb 2022 13:12:52 GMT', 'Server': 'Apache/2.4.18 (Ubuntu)', 'Access-Control-Allow-Origin': '*', 'Access-Control-Allow-Methods': 'POST', 'Access-Control-Max-Age': '3600', 'Access-Control-Allow-Headers': 'Content-Type, Access-Control-Allow-Headers, Authorization, X-Requested-With', 'Content-Length': '48', 'Keep-Alive': 'timeout=5, max=100', 'Connection': 'Keep-Alive', 'Content-Type': 'application/json;charset=UTF-8'} 
 body={"Msg":"successfully added","ID":"942303324534"} 
 </msg>
<msg timestamp="20220227 18:42:53.700" level="INFO">${response} = &lt;Response [200]&gt;</msg>
<status status="PASS" starttime="20220227 18:42:53.192" endtime="20220227 18:42:53.700"/>
</kw>
<kw name="Log" library="BuiltIn">
<arg>${response.json()}</arg>
<doc>Logs the given message with the given level.</doc>
<msg timestamp="20220227 18:42:53.704" level="INFO">{'Msg': 'successfully added', 'ID': '942303324534'}</msg>
<status status="PASS" starttime="20220227 18:42:53.701" endtime="20220227 18:42:53.704"/>
</kw>
<kw name="Dictionary Should Contain Key" library="Collections">
<arg>${response.json()}</arg>
<arg>ID</arg>
<doc>Fails if ``key`` is not found from ``dictionary``.</doc>
<status status="PASS" starttime="20220227 18:42:53.705" endtime="20220227 18:42:53.708"/>
</kw>
<kw name="Get From Dictionary" library="Collections">
<var>${book_id}</var>
<arg>${response.json()}</arg>
<arg>ID</arg>
<doc>Returns a value from the given ``dictionary`` based on the given ``key``.</doc>
<msg timestamp="20220227 18:42:53.712" level="INFO">${book_id} = 942303324534</msg>
<status status="PASS" starttime="20220227 18:42:53.709" endtime="20220227 18:42:53.712"/>
</kw>
<kw name="Set Global Variable" library="BuiltIn">
<arg>${book_id}</arg>
<doc>Makes a variable available globally in all tests and suites.</doc>
<msg timestamp="20220227 18:42:53.713" level="INFO">${book_id} = 942303324534</msg>
<status status="PASS" starttime="20220227 18:42:53.712" endtime="20220227 18:42:53.713"/>
</kw>
<kw name="Log" library="BuiltIn">
<arg>${book_id}</arg>
<doc>Logs the given message with the given level.</doc>
<msg timestamp="20220227 18:42:53.714" level="INFO">942303324534</msg>
<status status="PASS" starttime="20220227 18:42:53.713" endtime="20220227 18:42:53.714"/>
</kw>
<kw name="Should Be Equal As Strings" library="BuiltIn">
<arg>successfully added</arg>
<arg>${response.json()}[Msg]</arg>
<doc>Fails if objects are unequal after converting them to strings.</doc>
<status status="PASS" starttime="20220227 18:42:53.714" endtime="20220227 18:42:53.716"/>
</kw>
<kw name="Status Should Be" library="RequestsLibrary">
<arg>200</arg>
<arg>${response}</arg>
<doc>Fails if response status code is different than the expected.</doc>
<status status="PASS" starttime="20220227 18:42:53.716" endtime="20220227 18:42:53.717"/>
</kw>
<tag>API</tag>
<status status="PASS" starttime="20220227 18:42:53.190" endtime="20220227 18:42:53.717"/>
</test>
<test id="s1-t3" name="Get the Book Details which got added">
<kw name="GET" library="RequestsLibrary">
<var>${get_response}</var>
<arg>${base_url}/Library/GetBook.php</arg>
<arg>params=ID=${book_id}</arg>
<arg>expected_status=200</arg>
<doc>Sends a GET request.</doc>
<msg timestamp="20220227 18:42:54.085" level="INFO">GET Request : url=https://rahulshettyacademy.com/Library/GetBook.php?ID=942303324534 
 path_url=/Library/GetBook.php?ID=942303324534 
 headers={'User-Agent': 'python-requests/2.27.1', 'Accept-Encoding': 'gzip, deflate', 'Accept': '*/*', 'Connection': 'keep-alive'} 
 body=None 
 </msg>
<msg timestamp="20220227 18:42:54.085" level="INFO">GET Response : url=https://rahulshettyacademy.com/Library/GetBook.php?ID=942303324534 
 status=200, reason=OK 
 headers={'Date': 'Sun, 27 Feb 2022 13:12:53 GMT', 'Server': 'Apache/2.4.18 (Ubuntu)', 'Access-Control-Allow-Origin': '*', 'Access-Control-Allow-Methods': 'POST', 'Access-Control-Max-Age': '3600', 'Access-Control-Allow-Headers': 'Content-Type, Access-Control-Allow-Headers, Authorization, X-Requested-With', 'Content-Length': '88', 'Keep-Alive': 'timeout=5, max=100', 'Connection': 'Keep-Alive', 'Content-Type': 'application/json;charset=UTF-8'} 
 body=[{"book_name":"RobotFramework","isbn":"942303","aisle":"324534","author":"rahulshetty"}] 
 </msg>
<msg timestamp="20220227 18:42:54.086" level="INFO">${get_response} = &lt;Response [200]&gt;</msg>
<status status="PASS" starttime="20220227 18:42:53.719" endtime="20220227 18:42:54.086"/>
</kw>
<kw name="Log" library="BuiltIn">
<arg>${get_response.json()}</arg>
<doc>Logs the given message with the given level.</doc>
<msg timestamp="20220227 18:42:54.089" level="INFO">[{'book_name': 'RobotFramework', 'isbn': '942303', 'aisle': '324534', 'author': 'rahulshetty'}]</msg>
<status status="PASS" starttime="20220227 18:42:54.086" endtime="20220227 18:42:54.089"/>
</kw>
<kw name="Should Be Equal As Strings" library="BuiltIn">
<arg>${book_name}</arg>
<arg>${get_response.json()}[0][book_name]</arg>
<doc>Fails if objects are unequal after converting them to strings.</doc>
<status status="PASS" starttime="20220227 18:42:54.089" endtime="20220227 18:42:54.092"/>
</kw>
<tag>API</tag>
<status status="PASS" starttime="20220227 18:42:53.719" endtime="20220227 18:42:54.093"/>
</test>
<test id="s1-t4" name="Delete the Book from database">
<kw name="Create Dictionary" library="BuiltIn">
<var>&amp;{delete_req}</var>
<arg>ID=${book_id}</arg>
<doc>Creates and returns a dictionary based on the given ``items``.</doc>
<msg timestamp="20220227 18:42:54.096" level="INFO">&amp;{delete_req} = { ID=942303324534 }</msg>
<status status="PASS" starttime="20220227 18:42:54.096" endtime="20220227 18:42:54.097"/>
</kw>
<kw name="POST" library="RequestsLibrary">
<var>${delete_resp}</var>
<arg>${base_url}/Library/DeleteBook.php</arg>
<arg>json=${delete_req}</arg>
<arg>expected_status=200</arg>
<doc>Sends a POST request.</doc>
<msg timestamp="20220227 18:42:54.398" level="INFO">POST Request : url=https://rahulshettyacademy.com/Library/DeleteBook.php 
 path_url=/Library/DeleteBook.php 
 headers={'User-Agent': 'python-requests/2.27.1', 'Accept-Encoding': 'gzip, deflate', 'Accept': '*/*', 'Connection': 'keep-alive', 'Content-Length': '22', 'Content-Type': 'application/json'} 
 body=b'{"ID": "942303324534"}' 
 </msg>
<msg timestamp="20220227 18:42:54.398" level="INFO">POST Response : url=https://rahulshettyacademy.com/Library/DeleteBook.php 
 status=200, reason=OK 
 headers={'Date': 'Sun, 27 Feb 2022 13:12:53 GMT', 'Server': 'Apache/2.4.18 (Ubuntu)', 'Access-Control-Allow-Origin': '*', 'Access-Control-Allow-Methods': 'POST', 'Access-Control-Max-Age': '3600', 'Access-Control-Allow-Headers': 'Content-Type, Access-Control-Allow-Headers, Authorization, X-Requested-With', 'Content-Length': '38', 'Keep-Alive': 'timeout=5, max=100', 'Connection': 'Keep-Alive', 'Content-Type': 'application/json;charset=UTF-8'} 
 body={"msg":"book is successfully deleted"} 
 </msg>
<msg timestamp="20220227 18:42:54.398" level="INFO">${delete_resp} = &lt;Response [200]&gt;</msg>
<status status="PASS" starttime="20220227 18:42:54.097" endtime="20220227 18:42:54.398"/>
</kw>
<kw name="Log" library="BuiltIn">
<arg>${delete_resp.json()}</arg>
<doc>Logs the given message with the given level.</doc>
<msg timestamp="20220227 18:42:54.400" level="INFO">{'msg': 'book is successfully deleted'}</msg>
<status status="PASS" starttime="20220227 18:42:54.399" endtime="20220227 18:42:54.401"/>
</kw>
<kw name="Should Be Equal As Strings" library="BuiltIn">
<arg>book is successfully deleted</arg>
<arg>${delete_resp.json()}[msg]</arg>
<doc>Fails if objects are unequal after converting them to strings.</doc>
<status status="PASS" starttime="20220227 18:42:54.401" endtime="20220227 18:42:54.403"/>
</kw>
<tag>API</tag>
<status status="PASS" starttime="20220227 18:42:54.094" endtime="20220227 18:42:54.403"/>
</test>
<test id="s1-t5" name="example mail">
<kw name="Send Mail With Attachment" library="EmailNotificationUtility">
<msg timestamp="20220227 18:42:54.405" level="INFO">['C:\\Users\\tarun.jaiswal\\PycharmProjects\\pythonProject\\robotframework\\tests\\output.xml', 'C:\\Users\\tarun.jaiswal\\PycharmProjects\\pythonProject\\robotframework\\tests\\log.html', 'C:\\Users\\tarun.jaiswal\\PycharmProjects\\pythonProject\\robotframework\\tests\\geckodriver.log']</msg>
<msg timestamp="20220227 18:42:54.406" level="INFO">C:\Users\tarun.jaiswal\PycharmProjects\pythonProject\robotframework\tests\output.xml</msg>
<msg timestamp="20220227 18:42:54.407" level="INFO">C:\Users\tarun.jaiswal\PycharmProjects\pythonProject\robotframework\tests\log.html</msg>
<msg timestamp="20220227 18:42:54.616" level="INFO">C:\Users\tarun.jaiswal\PycharmProjects\pythonProject\robotframework\tests\geckodriver.log</msg>
<status status="PASS" starttime="20220227 18:42:54.405" endtime="20220227 18:43:00.082"/>
</kw>
<tag>API</tag>
<tag>EMAIL</tag>
<status status="PASS" starttime="20220227 18:42:54.404" endtime="20220227 18:43:00.083"/>
</test>
<test id="s1-t6" name="Do conditional IF - ELSE IF - ELSE execution">
<if>
<branch type="IF" condition="${NUMBER} &gt; 1">
<kw name="Log" library="BuiltIn">
<arg>Greater than one.</arg>
<doc>Logs the given message with the given level.</doc>
<status status="NOT RUN" starttime="20220227 18:43:00.085" endtime="20220227 18:43:00.085"/>
</kw>
<status status="NOT RUN" starttime="20220227 18:43:00.085" endtime="20220227 18:43:00.085"/>
</branch>
<branch type="ELSE IF" condition="&quot;${STRING}&quot; == &quot;dog&quot;">
<kw name="Log" library="BuiltIn">
<arg>It's a dog!</arg>
<doc>Logs the given message with the given level.</doc>
<status status="NOT RUN" starttime="20220227 18:43:00.085" endtime="20220227 18:43:00.086"/>
</kw>
<status status="NOT RUN" starttime="20220227 18:43:00.085" endtime="20220227 18:43:00.086"/>
</branch>
<branch type="ELSE">
<kw name="Log" library="BuiltIn">
<arg>Probably a cat. 🤔</arg>
<doc>Logs the given message with the given level.</doc>
<msg timestamp="20220227 18:43:00.086" level="INFO">Probably a cat. 🤔</msg>
<status status="PASS" starttime="20220227 18:43:00.086" endtime="20220227 18:43:00.086"/>
</kw>
<status status="PASS" starttime="20220227 18:43:00.086" endtime="20220227 18:43:00.086"/>
</branch>
<status status="PASS" starttime="20220227 18:43:00.084" endtime="20220227 18:43:00.086"/>
</if>
<tag>API</tag>
<tag>EMAIL</tag>
<status status="PASS" starttime="20220227 18:43:00.084" endtime="20220227 18:43:00.087"/>
</test>
<test id="s1-t7" name="create file and write">
<kw name="Create File" library="OperatingSystem">
<arg>helloworld.txt</arg>
<arg>Hi iam new in file handling</arg>
<doc>Creates a file with the given content and encoding.</doc>
<msg timestamp="20220227 18:43:00.090" level="INFO" html="true">Created file '&lt;a href="file://C:\Users\tarun.jaiswal\PycharmProjects\pythonProject\robotframework\tests\helloworld.txt"&gt;C:\Users\tarun.jaiswal\PycharmProjects\pythonProject\robotframework\tests\helloworld.txt&lt;/a&gt;'.</msg>
<status status="PASS" starttime="20220227 18:43:00.088" endtime="20220227 18:43:00.090"/>
</kw>
<tag>API</tag>
<tag>EMAIL</tag>
<status status="PASS" starttime="20220227 18:43:00.088" endtime="20220227 18:43:00.090"/>
</test>
<doc>this utilty used for send a mail with attach and without attachment
devloper mr tarun jaiswal if you have any queries..</doc>
<status status="PASS" starttime="20220227 18:42:52.818" endtime="20220227 18:43:00.090"/>
</suite>
<statistics>
<total>
<stat pass="7" fail="0" skip="0">All Tests</stat>
</total>
<tag>
<stat pass="7" fail="0" skip="0">API</stat>
<stat pass="3" fail="0" skip="0">EMAIL</stat>
</tag>
<suite>
<stat pass="7" fail="0" skip="0" id="s1" name="testDemo8">testDemo8</stat>
</suite>
</statistics>
<errors>
</errors>
</robot>
