<?xml version="1.0" encoding="UTF-8"?>
<robot generator="Robot 4.1.3 (Python 3.9.10 on win32)" generated="20220218 22:17:54.644" rpa="false" schemaversion="2">
<suite id="s1" name="Tests" source="C:\Users\tarun.jaiswal\PycharmProjects\pythonProject\robotframework\tests">
<suite id="s1-s1" name="testDemo4" source="C:\Users\tarun.jaiswal\PycharmProjects\pythonProject\robotframework\tests\testDemo4.robot">
<test id="s1-s1-t1" name="Invalid username">
<kw name="open the browser with the Mortage payment url" library="generic" type="SETUP">
<kw name="Create Webdriver" library="SeleniumLibrary">
<arg>Chrome</arg>
<arg>executable_path=${exec_path}</arg>
<doc>Creates an instance of Selenium WebDriver.</doc>
<msg timestamp="20220218 22:17:55.156" level="INFO">Creating an instance of the Chrome WebDriver.</msg>
<status status="PASS" starttime="20220218 22:17:55.156" endtime="20220218 22:17:58.701"/>
</kw>
<kw name="Go To" library="SeleniumLibrary">
<arg>${url}</arg>
<doc>Navigates the current browser window to the provided ``url``.</doc>
<msg timestamp="20220218 22:17:58.702" level="INFO">Opening url 'https://rahulshettyacademy.com/loginpagePractise/'</msg>
<status status="PASS" starttime="20220218 22:17:58.702" endtime="20220218 22:17:59.870"/>
</kw>
<status status="PASS" starttime="20220218 22:17:55.155" endtime="20220218 22:17:59.872"/>
</kw>
<kw name="Validate UnSuccessful Login">
<arg>tarun</arg>
<arg>learning</arg>
<kw name="Fill the login Form">
<arg>${username}</arg>
<arg>${password}</arg>
<kw name="Input Text" library="SeleniumLibrary">
<arg>id:username</arg>
<arg>${username}</arg>
<doc>Types the given ``text`` into the text field identified by ``locator``.</doc>
<msg timestamp="20220218 22:17:59.877" level="INFO">Typing text 'tarun' into text field 'id:username'.</msg>
<status status="PASS" starttime="20220218 22:17:59.873" endtime="20220218 22:18:00.902"/>
</kw>
<kw name="Input Password" library="SeleniumLibrary">
<arg>id:password</arg>
<arg>${password}</arg>
<doc>Types the given password into the text field identified by ``locator``.</doc>
<msg timestamp="20220218 22:18:00.903" level="INFO">Typing password into text field 'id:password'.</msg>
<msg timestamp="20220218 22:18:01.167" level="INFO">Temporally setting log level to: NONE</msg>
<msg timestamp="20220218 22:18:01.467" level="INFO">Log level changed from NONE to INFO.</msg>
<status status="PASS" starttime="20220218 22:18:00.903" endtime="20220218 22:18:01.467"/>
</kw>
<kw name="Click Button" library="SeleniumLibrary">
<arg>id:signInBtn</arg>
<doc>Clicks the button identified by ``locator``.</doc>
<msg timestamp="20220218 22:18:01.468" level="INFO">Clicking button 'id:signInBtn'.</msg>
<status status="PASS" starttime="20220218 22:18:01.467" endtime="20220218 22:18:01.871"/>
</kw>
<status status="PASS" starttime="20220218 22:17:59.873" endtime="20220218 22:18:01.871"/>
</kw>
<kw name="wait until Element is located in the page">
<arg>${Error_Message_login}</arg>
<kw name="Wait Until Element Is Visible" library="SeleniumLibrary">
<arg>${element}</arg>
<doc>Waits until the element ``locator`` is visible.</doc>
<status status="PASS" starttime="20220218 22:18:01.879" endtime="20220218 22:18:03.938"/>
</kw>
<status status="PASS" starttime="20220218 22:18:01.872" endtime="20220218 22:18:03.940"/>
</kw>
<kw name="verify error message is correct">
<kw name="Get Text" library="SeleniumLibrary">
<var>${result}</var>
<arg>${Error_Message_login}</arg>
<doc>Returns the text value of the element identified by ``locator``.</doc>
<msg timestamp="20220218 22:18:04.000" level="INFO">${result} = Incorrect username/password.</msg>
<status status="PASS" starttime="20220218 22:18:03.942" endtime="20220218 22:18:04.000"/>
</kw>
<kw name="Should Be Equal As Strings" library="BuiltIn">
<arg>${result}</arg>
<arg>${incorrect_msg}</arg>
<doc>Fails if objects are unequal after converting them to strings.</doc>
<status status="PASS" starttime="20220218 22:18:04.000" endtime="20220218 22:18:04.001"/>
</kw>
<status status="PASS" starttime="20220218 22:18:03.941" endtime="20220218 22:18:04.001"/>
</kw>
<status status="PASS" starttime="20220218 22:17:59.872" endtime="20220218 22:18:04.001"/>
</kw>
<kw name="Close browser session" library="generic" type="TEARDOWN">
<kw name="Close Browser" library="SeleniumLibrary">
<doc>Closes the current browser.</doc>
<status status="PASS" starttime="20220218 22:18:04.003" endtime="20220218 22:18:07.438"/>
</kw>
<status status="PASS" starttime="20220218 22:18:04.002" endtime="20220218 22:18:07.439"/>
</kw>
<status status="PASS" starttime="20220218 22:17:55.152" endtime="20220218 22:18:07.439"/>
</test>
<test id="s1-s1-t2" name="Invalid password">
<kw name="open the browser with the Mortage payment url" library="generic" type="SETUP">
<kw name="Create Webdriver" library="SeleniumLibrary">
<arg>Chrome</arg>
<arg>executable_path=${exec_path}</arg>
<doc>Creates an instance of Selenium WebDriver.</doc>
<msg timestamp="20220218 22:18:07.444" level="INFO">Creating an instance of the Chrome WebDriver.</msg>
<status status="PASS" starttime="20220218 22:18:07.444" endtime="20220218 22:18:10.165"/>
</kw>
<kw name="Go To" library="SeleniumLibrary">
<arg>${url}</arg>
<doc>Navigates the current browser window to the provided ``url``.</doc>
<msg timestamp="20220218 22:18:10.167" level="INFO">Opening url 'https://rahulshettyacademy.com/loginpagePractise/'</msg>
<status status="PASS" starttime="20220218 22:18:10.165" endtime="20220218 22:18:11.921"/>
</kw>
<status status="PASS" starttime="20220218 22:18:07.443" endtime="20220218 22:18:11.921"/>
</kw>
<kw name="Validate UnSuccessful Login">
<arg>rahulsetteyacedemy</arg>
<arg>aafaf</arg>
<kw name="Fill the login Form">
<arg>${username}</arg>
<arg>${password}</arg>
<kw name="Input Text" library="SeleniumLibrary">
<arg>id:username</arg>
<arg>${username}</arg>
<doc>Types the given ``text`` into the text field identified by ``locator``.</doc>
<msg timestamp="20220218 22:18:11.923" level="INFO">Typing text 'rahulsetteyacedemy' into text field 'id:username'.</msg>
<status status="PASS" starttime="20220218 22:18:11.923" endtime="20220218 22:18:12.161"/>
</kw>
<kw name="Input Password" library="SeleniumLibrary">
<arg>id:password</arg>
<arg>${password}</arg>
<doc>Types the given password into the text field identified by ``locator``.</doc>
<msg timestamp="20220218 22:18:12.162" level="INFO">Typing password into text field 'id:password'.</msg>
<msg timestamp="20220218 22:18:12.243" level="INFO">Temporally setting log level to: NONE</msg>
<msg timestamp="20220218 22:18:12.338" level="INFO">Log level changed from NONE to INFO.</msg>
<status status="PASS" starttime="20220218 22:18:12.161" endtime="20220218 22:18:12.338"/>
</kw>
<kw name="Click Button" library="SeleniumLibrary">
<arg>id:signInBtn</arg>
<doc>Clicks the button identified by ``locator``.</doc>
<msg timestamp="20220218 22:18:12.338" level="INFO">Clicking button 'id:signInBtn'.</msg>
<status status="PASS" starttime="20220218 22:18:12.338" endtime="20220218 22:18:12.430"/>
</kw>
<status status="PASS" starttime="20220218 22:18:11.922" endtime="20220218 22:18:12.432"/>
</kw>
<kw name="wait until Element is located in the page">
<arg>${Error_Message_login}</arg>
<kw name="Wait Until Element Is Visible" library="SeleniumLibrary">
<arg>${element}</arg>
<doc>Waits until the element ``locator`` is visible.</doc>
<status status="PASS" starttime="20220218 22:18:12.432" endtime="20220218 22:18:14.626"/>
</kw>
<status status="PASS" starttime="20220218 22:18:12.432" endtime="20220218 22:18:14.626"/>
</kw>
<kw name="verify error message is correct">
<kw name="Get Text" library="SeleniumLibrary">
<var>${result}</var>
<arg>${Error_Message_login}</arg>
<doc>Returns the text value of the element identified by ``locator``.</doc>
<msg timestamp="20220218 22:18:14.674" level="INFO">${result} = Incorrect username/password.</msg>
<status status="PASS" starttime="20220218 22:18:14.627" endtime="20220218 22:18:14.674"/>
</kw>
<kw name="Should Be Equal As Strings" library="BuiltIn">
<arg>${result}</arg>
<arg>${incorrect_msg}</arg>
<doc>Fails if objects are unequal after converting them to strings.</doc>
<status status="PASS" starttime="20220218 22:18:14.674" endtime="20220218 22:18:14.675"/>
</kw>
<status status="PASS" starttime="20220218 22:18:14.626" endtime="20220218 22:18:14.675"/>
</kw>
<status status="PASS" starttime="20220218 22:18:11.921" endtime="20220218 22:18:14.675"/>
</kw>
<kw name="Close browser session" library="generic" type="TEARDOWN">
<kw name="Close Browser" library="SeleniumLibrary">
<doc>Closes the current browser.</doc>
<status status="PASS" starttime="20220218 22:18:14.676" endtime="20220218 22:18:18.517"/>
</kw>
<status status="PASS" starttime="20220218 22:18:14.675" endtime="20220218 22:18:18.518"/>
</kw>
<status status="PASS" starttime="20220218 22:18:07.439" endtime="20220218 22:18:18.518"/>
</test>
<test id="s1-s1-t3" name="Invalid user an password">
<kw name="open the browser with the Mortage payment url" library="generic" type="SETUP">
<kw name="Create Webdriver" library="SeleniumLibrary">
<arg>Chrome</arg>
<arg>executable_path=${exec_path}</arg>
<doc>Creates an instance of Selenium WebDriver.</doc>
<msg timestamp="20220218 22:18:18.522" level="INFO">Creating an instance of the Chrome WebDriver.</msg>
<status status="PASS" starttime="20220218 22:18:18.521" endtime="20220218 22:18:20.135"/>
</kw>
<kw name="Go To" library="SeleniumLibrary">
<arg>${url}</arg>
<doc>Navigates the current browser window to the provided ``url``.</doc>
<msg timestamp="20220218 22:18:20.136" level="INFO">Opening url 'https://rahulshettyacademy.com/loginpagePractise/'</msg>
<status status="PASS" starttime="20220218 22:18:20.135" endtime="20220218 22:18:21.466"/>
</kw>
<status status="PASS" starttime="20220218 22:18:18.521" endtime="20220218 22:18:21.467"/>
</kw>
<kw name="Validate UnSuccessful Login">
<arg>aafadaf</arg>
<arg>bjabfj</arg>
<kw name="Fill the login Form">
<arg>${username}</arg>
<arg>${password}</arg>
<kw name="Input Text" library="SeleniumLibrary">
<arg>id:username</arg>
<arg>${username}</arg>
<doc>Types the given ``text`` into the text field identified by ``locator``.</doc>
<msg timestamp="20220218 22:18:21.471" level="INFO">Typing text 'aafadaf' into text field 'id:username'.</msg>
<status status="PASS" starttime="20220218 22:18:21.471" endtime="20220218 22:18:21.596"/>
</kw>
<kw name="Input Password" library="SeleniumLibrary">
<arg>id:password</arg>
<arg>${password}</arg>
<doc>Types the given password into the text field identified by ``locator``.</doc>
<msg timestamp="20220218 22:18:21.596" level="INFO">Typing password into text field 'id:password'.</msg>
<msg timestamp="20220218 22:18:21.647" level="INFO">Temporally setting log level to: NONE</msg>
<msg timestamp="20220218 22:18:21.737" level="INFO">Log level changed from NONE to INFO.</msg>
<status status="PASS" starttime="20220218 22:18:21.596" endtime="20220218 22:18:21.737"/>
</kw>
<kw name="Click Button" library="SeleniumLibrary">
<arg>id:signInBtn</arg>
<doc>Clicks the button identified by ``locator``.</doc>
<msg timestamp="20220218 22:18:21.738" level="INFO">Clicking button 'id:signInBtn'.</msg>
<status status="PASS" starttime="20220218 22:18:21.737" endtime="20220218 22:18:21.872"/>
</kw>
<status status="PASS" starttime="20220218 22:18:21.469" endtime="20220218 22:18:21.874"/>
</kw>
<kw name="wait until Element is located in the page">
<arg>${Error_Message_login}</arg>
<kw name="Wait Until Element Is Visible" library="SeleniumLibrary">
<arg>${element}</arg>
<doc>Waits until the element ``locator`` is visible.</doc>
<status status="PASS" starttime="20220218 22:18:21.876" endtime="20220218 22:18:24.070"/>
</kw>
<status status="PASS" starttime="20220218 22:18:21.875" endtime="20220218 22:18:24.072"/>
</kw>
<kw name="verify error message is correct">
<kw name="Get Text" library="SeleniumLibrary">
<var>${result}</var>
<arg>${Error_Message_login}</arg>
<doc>Returns the text value of the element identified by ``locator``.</doc>
<msg timestamp="20220218 22:18:24.147" level="INFO">${result} = Incorrect username/password.</msg>
<status status="PASS" starttime="20220218 22:18:24.073" endtime="20220218 22:18:24.147"/>
</kw>
<kw name="Should Be Equal As Strings" library="BuiltIn">
<arg>${result}</arg>
<arg>${incorrect_msg}</arg>
<doc>Fails if objects are unequal after converting them to strings.</doc>
<status status="PASS" starttime="20220218 22:18:24.148" endtime="20220218 22:18:24.149"/>
</kw>
<status status="PASS" starttime="20220218 22:18:24.072" endtime="20220218 22:18:24.149"/>
</kw>
<status status="PASS" starttime="20220218 22:18:21.468" endtime="20220218 22:18:24.150"/>
</kw>
<kw name="Close browser session" library="generic" type="TEARDOWN">
<kw name="Close Browser" library="SeleniumLibrary">
<doc>Closes the current browser.</doc>
<status status="PASS" starttime="20220218 22:18:24.152" endtime="20220218 22:18:26.472"/>
</kw>
<status status="PASS" starttime="20220218 22:18:24.151" endtime="20220218 22:18:26.473"/>
</kw>
<status status="PASS" starttime="20220218 22:18:18.518" endtime="20220218 22:18:26.474"/>
</test>
<test id="s1-s1-t4" name="Special chars">
<kw name="open the browser with the Mortage payment url" library="generic" type="SETUP">
<kw name="Create Webdriver" library="SeleniumLibrary">
<arg>Chrome</arg>
<arg>executable_path=${exec_path}</arg>
<doc>Creates an instance of Selenium WebDriver.</doc>
<msg timestamp="20220218 22:18:26.492" level="INFO">Creating an instance of the Chrome WebDriver.</msg>
<status status="PASS" starttime="20220218 22:18:26.490" endtime="20220218 22:18:28.211"/>
</kw>
<kw name="Go To" library="SeleniumLibrary">
<arg>${url}</arg>
<doc>Navigates the current browser window to the provided ``url``.</doc>
<msg timestamp="20220218 22:18:28.212" level="INFO">Opening url 'https://rahulshettyacademy.com/loginpagePractise/'</msg>
<status status="PASS" starttime="20220218 22:18:28.211" endtime="20220218 22:18:29.081"/>
</kw>
<status status="PASS" starttime="20220218 22:18:26.488" endtime="20220218 22:18:29.081"/>
</kw>
<kw name="Validate UnSuccessful Login">
<arg>@@$$!</arg>
<arg>learning</arg>
<kw name="Fill the login Form">
<arg>${username}</arg>
<arg>${password}</arg>
<kw name="Input Text" library="SeleniumLibrary">
<arg>id:username</arg>
<arg>${username}</arg>
<doc>Types the given ``text`` into the text field identified by ``locator``.</doc>
<msg timestamp="20220218 22:18:29.086" level="INFO">Typing text '@@$$!' into text field 'id:username'.</msg>
<status status="PASS" starttime="20220218 22:18:29.085" endtime="20220218 22:18:29.280"/>
</kw>
<kw name="Input Password" library="SeleniumLibrary">
<arg>id:password</arg>
<arg>${password}</arg>
<doc>Types the given password into the text field identified by ``locator``.</doc>
<msg timestamp="20220218 22:18:29.281" level="INFO">Typing password into text field 'id:password'.</msg>
<msg timestamp="20220218 22:18:29.343" level="INFO">Temporally setting log level to: NONE</msg>
<msg timestamp="20220218 22:18:29.407" level="INFO">Log level changed from NONE to INFO.</msg>
<status status="PASS" starttime="20220218 22:18:29.280" endtime="20220218 22:18:29.407"/>
</kw>
<kw name="Click Button" library="SeleniumLibrary">
<arg>id:signInBtn</arg>
<doc>Clicks the button identified by ``locator``.</doc>
<msg timestamp="20220218 22:18:29.407" level="INFO">Clicking button 'id:signInBtn'.</msg>
<status status="PASS" starttime="20220218 22:18:29.407" endtime="20220218 22:18:29.470"/>
</kw>
<status status="PASS" starttime="20220218 22:18:29.084" endtime="20220218 22:18:29.470"/>
</kw>
<kw name="wait until Element is located in the page">
<arg>${Error_Message_login}</arg>
<kw name="Wait Until Element Is Visible" library="SeleniumLibrary">
<arg>${element}</arg>
<doc>Waits until the element ``locator`` is visible.</doc>
<status status="PASS" starttime="20220218 22:18:29.470" endtime="20220218 22:18:31.585"/>
</kw>
<status status="PASS" starttime="20220218 22:18:29.470" endtime="20220218 22:18:31.585"/>
</kw>
<kw name="verify error message is correct">
<kw name="Get Text" library="SeleniumLibrary">
<var>${result}</var>
<arg>${Error_Message_login}</arg>
<doc>Returns the text value of the element identified by ``locator``.</doc>
<msg timestamp="20220218 22:18:31.609" level="INFO">${result} = Incorrect username/password.</msg>
<status status="PASS" starttime="20220218 22:18:31.587" endtime="20220218 22:18:31.610"/>
</kw>
<kw name="Should Be Equal As Strings" library="BuiltIn">
<arg>${result}</arg>
<arg>${incorrect_msg}</arg>
<doc>Fails if objects are unequal after converting them to strings.</doc>
<status status="PASS" starttime="20220218 22:18:31.610" endtime="20220218 22:18:31.610"/>
</kw>
<status status="PASS" starttime="20220218 22:18:31.586" endtime="20220218 22:18:31.610"/>
</kw>
<status status="PASS" starttime="20220218 22:18:29.082" endtime="20220218 22:18:31.610"/>
</kw>
<kw name="Close browser session" library="generic" type="TEARDOWN">
<kw name="Close Browser" library="SeleniumLibrary">
<doc>Closes the current browser.</doc>
<status status="PASS" starttime="20220218 22:18:31.611" endtime="20220218 22:18:33.839"/>
</kw>
<status status="PASS" starttime="20220218 22:18:31.610" endtime="20220218 22:18:33.839"/>
</kw>
<status status="PASS" starttime="20220218 22:18:26.477" endtime="20220218 22:18:33.839"/>
</test>
<test id="s1-s1-t5" name="Valid user and valid passoword">
<kw name="open the browser with the Mortage payment url" library="generic" type="SETUP">
<kw name="Create Webdriver" library="SeleniumLibrary">
<arg>Chrome</arg>
<arg>executable_path=${exec_path}</arg>
<doc>Creates an instance of Selenium WebDriver.</doc>
<msg timestamp="20220218 22:18:33.849" level="INFO">Creating an instance of the Chrome WebDriver.</msg>
<status status="PASS" starttime="20220218 22:18:33.848" endtime="20220218 22:18:35.490"/>
</kw>
<kw name="Go To" library="SeleniumLibrary">
<arg>${url}</arg>
<doc>Navigates the current browser window to the provided ``url``.</doc>
<msg timestamp="20220218 22:18:35.491" level="INFO">Opening url 'https://rahulshettyacademy.com/loginpagePractise/'</msg>
<status status="PASS" starttime="20220218 22:18:35.490" endtime="20220218 22:18:36.296"/>
</kw>
<status status="PASS" starttime="20220218 22:18:33.847" endtime="20220218 22:18:36.296"/>
</kw>
<kw name="Validate UnSuccessful Login">
<arg>rahulshettyacademy</arg>
<arg>learning</arg>
<kw name="Fill the login Form">
<arg>${username}</arg>
<arg>${password}</arg>
<kw name="Input Text" library="SeleniumLibrary">
<arg>id:username</arg>
<arg>${username}</arg>
<doc>Types the given ``text`` into the text field identified by ``locator``.</doc>
<msg timestamp="20220218 22:18:36.300" level="INFO">Typing text 'rahulshettyacademy' into text field 'id:username'.</msg>
<status status="PASS" starttime="20220218 22:18:36.298" endtime="20220218 22:18:36.422"/>
</kw>
<kw name="Input Password" library="SeleniumLibrary">
<arg>id:password</arg>
<arg>${password}</arg>
<doc>Types the given password into the text field identified by ``locator``.</doc>
<msg timestamp="20220218 22:18:36.422" level="INFO">Typing password into text field 'id:password'.</msg>
<msg timestamp="20220218 22:18:36.471" level="INFO">Temporally setting log level to: NONE</msg>
<msg timestamp="20220218 22:18:36.520" level="INFO">Log level changed from NONE to INFO.</msg>
<status status="PASS" starttime="20220218 22:18:36.422" endtime="20220218 22:18:36.520"/>
</kw>
<kw name="Click Button" library="SeleniumLibrary">
<arg>id:signInBtn</arg>
<doc>Clicks the button identified by ``locator``.</doc>
<msg timestamp="20220218 22:18:36.521" level="INFO">Clicking button 'id:signInBtn'.</msg>
<status status="PASS" starttime="20220218 22:18:36.520" endtime="20220218 22:18:36.582"/>
</kw>
<status status="PASS" starttime="20220218 22:18:36.297" endtime="20220218 22:18:36.582"/>
</kw>
<kw name="wait until Element is located in the page">
<arg>${Error_Message_login}</arg>
<kw name="Wait Until Element Is Visible" library="SeleniumLibrary">
<arg>${element}</arg>
<doc>Waits until the element ``locator`` is visible.</doc>
<msg timestamp="20220218 22:18:43.578" level="INFO" html="true">&lt;/td&gt;&lt;/tr&gt;&lt;tr&gt;&lt;td colspan="3"&gt;&lt;a href="selenium-screenshot-1.png"&gt;&lt;img src="selenium-screenshot-1.png" width="800px"&gt;&lt;/a&gt;</msg>
<msg timestamp="20220218 22:18:43.581" level="FAIL">Element 'css:.alert.alert-danger' not visible after 5 seconds.</msg>
<status status="FAIL" starttime="20220218 22:18:36.583" endtime="20220218 22:18:43.581"/>
</kw>
<status status="FAIL" starttime="20220218 22:18:36.582" endtime="20220218 22:18:43.582"/>
</kw>
<kw name="verify error message is correct">
<status status="NOT RUN" starttime="20220218 22:18:43.582" endtime="20220218 22:18:43.582"/>
</kw>
<status status="FAIL" starttime="20220218 22:18:36.296" endtime="20220218 22:18:43.583"/>
</kw>
<kw name="Close browser session" library="generic" type="TEARDOWN">
<kw name="Close Browser" library="SeleniumLibrary">
<doc>Closes the current browser.</doc>
<status status="PASS" starttime="20220218 22:18:43.584" endtime="20220218 22:18:45.822"/>
</kw>
<status status="PASS" starttime="20220218 22:18:43.583" endtime="20220218 22:18:45.824"/>
</kw>
<status status="FAIL" starttime="20220218 22:18:33.841" endtime="20220218 22:18:45.824">Element 'css:.alert.alert-danger' not visible after 5 seconds.</status>
</test>
<doc>To Valid the login page</doc>
<status status="FAIL" starttime="20220218 22:17:54.692" endtime="20220218 22:18:45.828"/>
</suite>
<status status="FAIL" starttime="20220218 22:17:54.651" endtime="20220218 22:18:45.845"/>
</suite>
<statistics>
<total>
<stat pass="4" fail="1" skip="0">All Tests</stat>
</total>
<tag>
</tag>
<suite>
<stat pass="4" fail="1" skip="0" id="s1" name="Tests">Tests</stat>
<stat pass="4" fail="1" skip="0" id="s1-s1" name="testDemo4">Tests.testDemo4</stat>
</suite>
</statistics>
<errors>
<msg timestamp="20220218 22:17:54.647" level="ERROR">Taking listener 'RobotStackTracer' into use failed: Importing listener 'RobotStackTracer' failed: ModuleNotFoundError: No module named 'RobotStackTracer'
Traceback (most recent call last):
  None
PYTHONPATH:
  C:\Users\tarun.jaiswal\PycharmProjects\pythonProject\venv\Scripts\robot.exe
  C:\Users\tarun.jaiswal\AppData\Local\Programs\Python\Python39\python39.zip
  C:\Users\tarun.jaiswal\AppData\Local\Programs\Python\Python39\DLLs
  C:\Users\tarun.jaiswal\AppData\Local\Programs\Python\Python39\lib
  C:\Users\tarun.jaiswal\AppData\Local\Programs\Python\Python39
  c:\users\tarun.jaiswal\pycharmprojects\pythonproject\venv
  c:\users\tarun.jaiswal\pycharmprojects\pythonproject\venv\lib\site-packages</msg>
</errors>
</robot>
