<?xml version="1.0" encoding="UTF-8"?>
<robot generator="Robot 4.1.3 (Python 3.9.10 on win32)" generated="20220218 22:17:54.617" rpa="false" schemaversion="2">
<suite id="s1" name="Tests" source="C:\Users\tarun.jaiswal\PycharmProjects\pythonProject\robotframework\tests">
<suite id="s1-s1" name="testDemo3" source="C:\Users\tarun.jaiswal\PycharmProjects\pythonProject\robotframework\tests\testDemo3.robot">
<test id="s1-s1-t1" name="Invalid username">
<kw name="open the browser with the Mortage payment url" library="generic" type="SETUP">
<kw name="Create Webdriver" library="SeleniumLibrary">
<arg>Chrome</arg>
<arg>executable_path=${exec_path}</arg>
<doc>Creates an instance of Selenium WebDriver.</doc>
<msg timestamp="20220218 22:17:55.030" level="INFO">Creating an instance of the Chrome WebDriver.</msg>
<status status="PASS" starttime="20220218 22:17:55.030" endtime="20220218 22:18:00.765"/>
</kw>
<kw name="Go To" library="SeleniumLibrary">
<arg>${url}</arg>
<doc>Navigates the current browser window to the provided ``url``.</doc>
<msg timestamp="20220218 22:18:00.766" level="INFO">Opening url 'https://rahulshettyacademy.com/loginpagePractise/'</msg>
<status status="PASS" starttime="20220218 22:18:00.765" endtime="20220218 22:18:02.309"/>
</kw>
<status status="PASS" starttime="20220218 22:17:55.029" endtime="20220218 22:18:02.309"/>
</kw>
<kw name="Validate UnSuccessful Login">
<arg>tarun</arg>
<arg>learning</arg>
<kw name="Fill the login Form">
<arg>${username}</arg>
<arg>${password}</arg>
<kw name="Input Text" library="SeleniumLibrary">
<arg>id:username</arg>
<arg>${username}</arg>
<doc>Types the given ``text`` into the text field identified by ``locator``.</doc>
<msg timestamp="20220218 22:18:02.311" level="INFO">Typing text 'tarun' into text field 'id:username'.</msg>
<status status="PASS" starttime="20220218 22:18:02.311" endtime="20220218 22:18:02.655"/>
</kw>
<kw name="Input Password" library="SeleniumLibrary">
<arg>id:password</arg>
<arg>${password}</arg>
<doc>Types the given password into the text field identified by ``locator``.</doc>
<msg timestamp="20220218 22:18:02.658" level="INFO">Typing password into text field 'id:password'.</msg>
<msg timestamp="20220218 22:18:02.730" level="INFO">Temporally setting log level to: NONE</msg>
<msg timestamp="20220218 22:18:02.833" level="INFO">Log level changed from NONE to INFO.</msg>
<status status="PASS" starttime="20220218 22:18:02.657" endtime="20220218 22:18:02.833"/>
</kw>
<kw name="Click Button" library="SeleniumLibrary">
<arg>id:signInBtn</arg>
<doc>Clicks the button identified by ``locator``.</doc>
<msg timestamp="20220218 22:18:02.834" level="INFO">Clicking button 'id:signInBtn'.</msg>
<status status="PASS" starttime="20220218 22:18:02.833" endtime="20220218 22:18:02.971"/>
</kw>
<status status="PASS" starttime="20220218 22:18:02.310" endtime="20220218 22:18:02.971"/>
</kw>
<kw name="wait until Element is located in the page">
<arg>${Error_Message_login}</arg>
<kw name="Wait Until Element Is Visible" library="SeleniumLibrary">
<arg>${element}</arg>
<doc>Waits until the element ``locator`` is visible.</doc>
<status status="PASS" starttime="20220218 22:18:02.975" endtime="20220218 22:18:05.014"/>
</kw>
<status status="PASS" starttime="20220218 22:18:02.972" endtime="20220218 22:18:05.014"/>
</kw>
<kw name="verify error message is correct">
<kw name="Get Text" library="SeleniumLibrary">
<var>${result}</var>
<arg>${Error_Message_login}</arg>
<doc>Returns the text value of the element identified by ``locator``.</doc>
<msg timestamp="20220218 22:18:05.051" level="INFO">${result} = Incorrect username/password.</msg>
<status status="PASS" starttime="20220218 22:18:05.015" endtime="20220218 22:18:05.052"/>
</kw>
<kw name="Should Be Equal As Strings" library="BuiltIn">
<arg>${result}</arg>
<arg>${incorrect_msg}</arg>
<doc>Fails if objects are unequal after converting them to strings.</doc>
<status status="PASS" starttime="20220218 22:18:05.052" endtime="20220218 22:18:05.052"/>
</kw>
<status status="PASS" starttime="20220218 22:18:05.014" endtime="20220218 22:18:05.053"/>
</kw>
<status status="PASS" starttime="20220218 22:18:02.309" endtime="20220218 22:18:05.053"/>
</kw>
<kw name="Close browser session" library="generic" type="TEARDOWN">
<kw name="Close Browser" library="SeleniumLibrary">
<doc>Closes the current browser.</doc>
<status status="PASS" starttime="20220218 22:18:05.055" endtime="20220218 22:18:07.408"/>
</kw>
<status status="PASS" starttime="20220218 22:18:05.053" endtime="20220218 22:18:07.408"/>
</kw>
<status status="PASS" starttime="20220218 22:17:55.028" endtime="20220218 22:18:07.408"/>
</test>
<test id="s1-s1-t2" name="Invalid password">
<kw name="open the browser with the Mortage payment url" library="generic" type="SETUP">
<kw name="Create Webdriver" library="SeleniumLibrary">
<arg>Chrome</arg>
<arg>executable_path=${exec_path}</arg>
<doc>Creates an instance of Selenium WebDriver.</doc>
<msg timestamp="20220218 22:18:07.412" level="INFO">Creating an instance of the Chrome WebDriver.</msg>
<status status="PASS" starttime="20220218 22:18:07.412" endtime="20220218 22:18:10.247"/>
</kw>
<kw name="Go To" library="SeleniumLibrary">
<arg>${url}</arg>
<doc>Navigates the current browser window to the provided ``url``.</doc>
<msg timestamp="20220218 22:18:10.247" level="INFO">Opening url 'https://rahulshettyacademy.com/loginpagePractise/'</msg>
<status status="PASS" starttime="20220218 22:18:10.247" endtime="20220218 22:18:11.593"/>
</kw>
<status status="PASS" starttime="20220218 22:18:07.411" endtime="20220218 22:18:11.593"/>
</kw>
<kw name="Validate UnSuccessful Login">
<arg>rahulsetteyacedemy</arg>
<arg>aafaf</arg>
<kw name="Fill the login Form">
<arg>${username}</arg>
<arg>${password}</arg>
<kw name="Input Text" library="SeleniumLibrary">
<arg>id:username</arg>
<arg>${username}</arg>
<doc>Types the given ``text`` into the text field identified by ``locator``.</doc>
<msg timestamp="20220218 22:18:11.596" level="INFO">Typing text 'rahulsetteyacedemy' into text field 'id:username'.</msg>
<status status="PASS" starttime="20220218 22:18:11.595" endtime="20220218 22:18:11.837"/>
</kw>
<kw name="Input Password" library="SeleniumLibrary">
<arg>id:password</arg>
<arg>${password}</arg>
<doc>Types the given password into the text field identified by ``locator``.</doc>
<msg timestamp="20220218 22:18:11.838" level="INFO">Typing password into text field 'id:password'.</msg>
<msg timestamp="20220218 22:18:11.933" level="INFO">Temporally setting log level to: NONE</msg>
<msg timestamp="20220218 22:18:12.032" level="INFO">Log level changed from NONE to INFO.</msg>
<status status="PASS" starttime="20220218 22:18:11.838" endtime="20220218 22:18:12.033"/>
</kw>
<kw name="Click Button" library="SeleniumLibrary">
<arg>id:signInBtn</arg>
<doc>Clicks the button identified by ``locator``.</doc>
<msg timestamp="20220218 22:18:12.033" level="INFO">Clicking button 'id:signInBtn'.</msg>
<status status="PASS" starttime="20220218 22:18:12.033" endtime="20220218 22:18:12.209"/>
</kw>
<status status="PASS" starttime="20220218 22:18:11.595" endtime="20220218 22:18:12.209"/>
</kw>
<kw name="wait until Element is located in the page">
<arg>${Error_Message_login}</arg>
<kw name="Wait Until Element Is Visible" library="SeleniumLibrary">
<arg>${element}</arg>
<doc>Waits until the element ``locator`` is visible.</doc>
<status status="PASS" starttime="20220218 22:18:12.210" endtime="20220218 22:18:14.376"/>
</kw>
<status status="PASS" starttime="20220218 22:18:12.209" endtime="20220218 22:18:14.376"/>
</kw>
<kw name="verify error message is correct">
<kw name="Get Text" library="SeleniumLibrary">
<var>${result}</var>
<arg>${Error_Message_login}</arg>
<doc>Returns the text value of the element identified by ``locator``.</doc>
<msg timestamp="20220218 22:18:14.411" level="INFO">${result} = Incorrect username/password.</msg>
<status status="PASS" starttime="20220218 22:18:14.377" endtime="20220218 22:18:14.411"/>
</kw>
<kw name="Should Be Equal As Strings" library="BuiltIn">
<arg>${result}</arg>
<arg>${incorrect_msg}</arg>
<doc>Fails if objects are unequal after converting them to strings.</doc>
<status status="PASS" starttime="20220218 22:18:14.411" endtime="20220218 22:18:14.411"/>
</kw>
<status status="PASS" starttime="20220218 22:18:14.376" endtime="20220218 22:18:14.412"/>
</kw>
<status status="PASS" starttime="20220218 22:18:11.593" endtime="20220218 22:18:14.412"/>
</kw>
<kw name="Close browser session" library="generic" type="TEARDOWN">
<kw name="Close Browser" library="SeleniumLibrary">
<doc>Closes the current browser.</doc>
<status status="PASS" starttime="20220218 22:18:14.414" endtime="20220218 22:18:16.907"/>
</kw>
<status status="PASS" starttime="20220218 22:18:14.413" endtime="20220218 22:18:16.908"/>
</kw>
<status status="PASS" starttime="20220218 22:18:07.409" endtime="20220218 22:18:16.908"/>
</test>
<test id="s1-s1-t3" name="Invalid user an password">
<kw name="open the browser with the Mortage payment url" library="generic" type="SETUP">
<kw name="Create Webdriver" library="SeleniumLibrary">
<arg>Chrome</arg>
<arg>executable_path=${exec_path}</arg>
<doc>Creates an instance of Selenium WebDriver.</doc>
<msg timestamp="20220218 22:18:16.910" level="INFO">Creating an instance of the Chrome WebDriver.</msg>
<status status="PASS" starttime="20220218 22:18:16.910" endtime="20220218 22:18:18.503"/>
</kw>
<kw name="Go To" library="SeleniumLibrary">
<arg>${url}</arg>
<doc>Navigates the current browser window to the provided ``url``.</doc>
<msg timestamp="20220218 22:18:18.503" level="INFO">Opening url 'https://rahulshettyacademy.com/loginpagePractise/'</msg>
<status status="PASS" starttime="20220218 22:18:18.503" endtime="20220218 22:18:19.572"/>
</kw>
<status status="PASS" starttime="20220218 22:18:16.909" endtime="20220218 22:18:19.572"/>
</kw>
<kw name="Validate UnSuccessful Login">
<arg>aafadaf</arg>
<arg>bjabfj</arg>
<kw name="Fill the login Form">
<arg>${username}</arg>
<arg>${password}</arg>
<kw name="Input Text" library="SeleniumLibrary">
<arg>id:username</arg>
<arg>${username}</arg>
<doc>Types the given ``text`` into the text field identified by ``locator``.</doc>
<msg timestamp="20220218 22:18:19.574" level="INFO">Typing text 'aafadaf' into text field 'id:username'.</msg>
<status status="PASS" starttime="20220218 22:18:19.573" endtime="20220218 22:18:20.149"/>
</kw>
<kw name="Input Password" library="SeleniumLibrary">
<arg>id:password</arg>
<arg>${password}</arg>
<doc>Types the given password into the text field identified by ``locator``.</doc>
<msg timestamp="20220218 22:18:20.150" level="INFO">Typing password into text field 'id:password'.</msg>
<msg timestamp="20220218 22:18:20.221" level="INFO">Temporally setting log level to: NONE</msg>
<msg timestamp="20220218 22:18:20.282" level="INFO">Log level changed from NONE to INFO.</msg>
<status status="PASS" starttime="20220218 22:18:20.150" endtime="20220218 22:18:20.282"/>
</kw>
<kw name="Click Button" library="SeleniumLibrary">
<arg>id:signInBtn</arg>
<doc>Clicks the button identified by ``locator``.</doc>
<msg timestamp="20220218 22:18:20.282" level="INFO">Clicking button 'id:signInBtn'.</msg>
<status status="PASS" starttime="20220218 22:18:20.282" endtime="20220218 22:18:20.354"/>
</kw>
<status status="PASS" starttime="20220218 22:18:19.572" endtime="20220218 22:18:20.354"/>
</kw>
<kw name="wait until Element is located in the page">
<arg>${Error_Message_login}</arg>
<kw name="Wait Until Element Is Visible" library="SeleniumLibrary">
<arg>${element}</arg>
<doc>Waits until the element ``locator`` is visible.</doc>
<status status="PASS" starttime="20220218 22:18:20.354" endtime="20220218 22:18:22.450"/>
</kw>
<status status="PASS" starttime="20220218 22:18:20.354" endtime="20220218 22:18:22.450"/>
</kw>
<kw name="verify error message is correct">
<kw name="Get Text" library="SeleniumLibrary">
<var>${result}</var>
<arg>${Error_Message_login}</arg>
<doc>Returns the text value of the element identified by ``locator``.</doc>
<msg timestamp="20220218 22:18:22.510" level="INFO">${result} = Incorrect username/password.</msg>
<status status="PASS" starttime="20220218 22:18:22.452" endtime="20220218 22:18:22.510"/>
</kw>
<kw name="Should Be Equal As Strings" library="BuiltIn">
<arg>${result}</arg>
<arg>${incorrect_msg}</arg>
<doc>Fails if objects are unequal after converting them to strings.</doc>
<status status="PASS" starttime="20220218 22:18:22.511" endtime="20220218 22:18:22.511"/>
</kw>
<status status="PASS" starttime="20220218 22:18:22.451" endtime="20220218 22:18:22.512"/>
</kw>
<status status="PASS" starttime="20220218 22:18:19.572" endtime="20220218 22:18:22.512"/>
</kw>
<kw name="Close browser session" library="generic" type="TEARDOWN">
<kw name="Close Browser" library="SeleniumLibrary">
<doc>Closes the current browser.</doc>
<status status="PASS" starttime="20220218 22:18:22.513" endtime="20220218 22:18:24.700"/>
</kw>
<status status="PASS" starttime="20220218 22:18:22.512" endtime="20220218 22:18:24.701"/>
</kw>
<status status="PASS" starttime="20220218 22:18:16.908" endtime="20220218 22:18:24.701"/>
</test>
<test id="s1-s1-t4" name="Special chars">
<kw name="open the browser with the Mortage payment url" library="generic" type="SETUP">
<kw name="Create Webdriver" library="SeleniumLibrary">
<arg>Chrome</arg>
<arg>executable_path=${exec_path}</arg>
<doc>Creates an instance of Selenium WebDriver.</doc>
<msg timestamp="20220218 22:18:24.707" level="INFO">Creating an instance of the Chrome WebDriver.</msg>
<status status="PASS" starttime="20220218 22:18:24.706" endtime="20220218 22:18:26.148"/>
</kw>
<kw name="Go To" library="SeleniumLibrary">
<arg>${url}</arg>
<doc>Navigates the current browser window to the provided ``url``.</doc>
<msg timestamp="20220218 22:18:26.149" level="INFO">Opening url 'https://rahulshettyacademy.com/loginpagePractise/'</msg>
<status status="PASS" starttime="20220218 22:18:26.148" endtime="20220218 22:18:27.276"/>
</kw>
<status status="PASS" starttime="20220218 22:18:24.705" endtime="20220218 22:18:27.276"/>
</kw>
<kw name="Validate UnSuccessful Login">
<arg>@@$$!</arg>
<arg>learning</arg>
<kw name="Fill the login Form">
<arg>${username}</arg>
<arg>${password}</arg>
<kw name="Input Text" library="SeleniumLibrary">
<arg>id:username</arg>
<arg>${username}</arg>
<doc>Types the given ``text`` into the text field identified by ``locator``.</doc>
<msg timestamp="20220218 22:18:27.278" level="INFO">Typing text '@@$$!' into text field 'id:username'.</msg>
<status status="PASS" starttime="20220218 22:18:27.277" endtime="20220218 22:18:27.403"/>
</kw>
<kw name="Input Password" library="SeleniumLibrary">
<arg>id:password</arg>
<arg>${password}</arg>
<doc>Types the given password into the text field identified by ``locator``.</doc>
<msg timestamp="20220218 22:18:27.404" level="INFO">Typing password into text field 'id:password'.</msg>
<msg timestamp="20220218 22:18:27.457" level="INFO">Temporally setting log level to: NONE</msg>
<msg timestamp="20220218 22:18:27.512" level="INFO">Log level changed from NONE to INFO.</msg>
<status status="PASS" starttime="20220218 22:18:27.404" endtime="20220218 22:18:27.512"/>
</kw>
<kw name="Click Button" library="SeleniumLibrary">
<arg>id:signInBtn</arg>
<doc>Clicks the button identified by ``locator``.</doc>
<msg timestamp="20220218 22:18:27.512" level="INFO">Clicking button 'id:signInBtn'.</msg>
<status status="PASS" starttime="20220218 22:18:27.512" endtime="20220218 22:18:27.723"/>
</kw>
<status status="PASS" starttime="20220218 22:18:27.276" endtime="20220218 22:18:27.724"/>
</kw>
<kw name="wait until Element is located in the page">
<arg>${Error_Message_login}</arg>
<kw name="Wait Until Element Is Visible" library="SeleniumLibrary">
<arg>${element}</arg>
<doc>Waits until the element ``locator`` is visible.</doc>
<status status="PASS" starttime="20220218 22:18:27.725" endtime="20220218 22:18:29.791"/>
</kw>
<status status="PASS" starttime="20220218 22:18:27.724" endtime="20220218 22:18:29.792"/>
</kw>
<kw name="verify error message is correct">
<kw name="Get Text" library="SeleniumLibrary">
<var>${result}</var>
<arg>${Error_Message_login}</arg>
<doc>Returns the text value of the element identified by ``locator``.</doc>
<msg timestamp="20220218 22:18:29.875" level="INFO">${result} = Incorrect username/password.</msg>
<status status="PASS" starttime="20220218 22:18:29.794" endtime="20220218 22:18:29.875"/>
</kw>
<kw name="Should Be Equal As Strings" library="BuiltIn">
<arg>${result}</arg>
<arg>${incorrect_msg}</arg>
<doc>Fails if objects are unequal after converting them to strings.</doc>
<status status="PASS" starttime="20220218 22:18:29.875" endtime="20220218 22:18:29.876"/>
</kw>
<status status="PASS" starttime="20220218 22:18:29.793" endtime="20220218 22:18:29.877"/>
</kw>
<status status="PASS" starttime="20220218 22:18:27.276" endtime="20220218 22:18:29.877"/>
</kw>
<kw name="Close browser session" library="generic" type="TEARDOWN">
<kw name="Close Browser" library="SeleniumLibrary">
<doc>Closes the current browser.</doc>
<status status="PASS" starttime="20220218 22:18:29.879" endtime="20220218 22:18:32.159"/>
</kw>
<status status="PASS" starttime="20220218 22:18:29.878" endtime="20220218 22:18:32.160"/>
</kw>
<status status="PASS" starttime="20220218 22:18:24.703" endtime="20220218 22:18:32.160"/>
</test>
<test id="s1-s1-t5" name="Valid user and valid passoword">
<kw name="open the browser with the Mortage payment url" library="generic" type="SETUP">
<kw name="Create Webdriver" library="SeleniumLibrary">
<arg>Chrome</arg>
<arg>executable_path=${exec_path}</arg>
<doc>Creates an instance of Selenium WebDriver.</doc>
<msg timestamp="20220218 22:18:32.164" level="INFO">Creating an instance of the Chrome WebDriver.</msg>
<status status="PASS" starttime="20220218 22:18:32.163" endtime="20220218 22:18:33.592"/>
</kw>
<kw name="Go To" library="SeleniumLibrary">
<arg>${url}</arg>
<doc>Navigates the current browser window to the provided ``url``.</doc>
<msg timestamp="20220218 22:18:33.593" level="INFO">Opening url 'https://rahulshettyacademy.com/loginpagePractise/'</msg>
<status status="PASS" starttime="20220218 22:18:33.592" endtime="20220218 22:18:34.581"/>
</kw>
<status status="PASS" starttime="20220218 22:18:32.162" endtime="20220218 22:18:34.581"/>
</kw>
<kw name="Validate UnSuccessful Login">
<arg>rahulshettyacademy</arg>
<arg>learning</arg>
<kw name="Fill the login Form">
<arg>${username}</arg>
<arg>${password}</arg>
<kw name="Input Text" library="SeleniumLibrary">
<arg>id:username</arg>
<arg>${username}</arg>
<doc>Types the given ``text`` into the text field identified by ``locator``.</doc>
<msg timestamp="20220218 22:18:34.584" level="INFO">Typing text 'rahulshettyacademy' into text field 'id:username'.</msg>
<status status="PASS" starttime="20220218 22:18:34.584" endtime="20220218 22:18:34.735"/>
</kw>
<kw name="Input Password" library="SeleniumLibrary">
<arg>id:password</arg>
<arg>${password}</arg>
<doc>Types the given password into the text field identified by ``locator``.</doc>
<msg timestamp="20220218 22:18:34.736" level="INFO">Typing password into text field 'id:password'.</msg>
<msg timestamp="20220218 22:18:34.788" level="INFO">Temporally setting log level to: NONE</msg>
<msg timestamp="20220218 22:18:34.850" level="INFO">Log level changed from NONE to INFO.</msg>
<status status="PASS" starttime="20220218 22:18:34.736" endtime="20220218 22:18:34.850"/>
</kw>
<kw name="Click Button" library="SeleniumLibrary">
<arg>id:signInBtn</arg>
<doc>Clicks the button identified by ``locator``.</doc>
<msg timestamp="20220218 22:18:34.851" level="INFO">Clicking button 'id:signInBtn'.</msg>
<status status="PASS" starttime="20220218 22:18:34.851" endtime="20220218 22:18:34.923"/>
</kw>
<status status="PASS" starttime="20220218 22:18:34.583" endtime="20220218 22:18:34.923"/>
</kw>
<kw name="wait until Element is located in the page">
<arg>${Error_Message_login}</arg>
<kw name="Wait Until Element Is Visible" library="SeleniumLibrary">
<arg>${element}</arg>
<doc>Waits until the element ``locator`` is visible.</doc>
<msg timestamp="20220218 22:18:41.050" level="INFO" html="true">&lt;/td&gt;&lt;/tr&gt;&lt;tr&gt;&lt;td colspan="3"&gt;&lt;a href="selenium-screenshot-1.png"&gt;&lt;img src="selenium-screenshot-1.png" width="800px"&gt;&lt;/a&gt;</msg>
<msg timestamp="20220218 22:18:41.054" level="FAIL">Element 'css:.alert.alert-danger' not visible after 5 seconds.</msg>
<status status="FAIL" starttime="20220218 22:18:34.924" endtime="20220218 22:18:41.054"/>
</kw>
<status status="FAIL" starttime="20220218 22:18:34.923" endtime="20220218 22:18:41.057"/>
</kw>
<kw name="verify error message is correct">
<status status="NOT RUN" starttime="20220218 22:18:41.058" endtime="20220218 22:18:41.058"/>
</kw>
<status status="FAIL" starttime="20220218 22:18:34.583" endtime="20220218 22:18:41.061"/>
</kw>
<kw name="Close browser session" library="generic" type="TEARDOWN">
<kw name="Close Browser" library="SeleniumLibrary">
<doc>Closes the current browser.</doc>
<status status="PASS" starttime="20220218 22:18:41.064" endtime="20220218 22:18:43.331"/>
</kw>
<status status="PASS" starttime="20220218 22:18:41.063" endtime="20220218 22:18:43.332"/>
</kw>
<status status="FAIL" starttime="20220218 22:18:32.161" endtime="20220218 22:18:43.332">Element 'css:.alert.alert-danger' not visible after 5 seconds.</status>
</test>
<doc>To Valid the login page</doc>
<status status="FAIL" starttime="20220218 22:17:54.667" endtime="20220218 22:18:43.332"/>
</suite>
<status status="FAIL" starttime="20220218 22:17:54.622" endtime="20220218 22:18:43.334"/>
</suite>
<statistics>
<total>
<stat pass="4" fail="1" skip="0">All Tests</stat>
</total>
<tag>
</tag>
<suite>
<stat pass="4" fail="1" skip="0" id="s1" name="Tests">Tests</stat>
<stat pass="4" fail="1" skip="0" id="s1-s1" name="testDemo3">Tests.testDemo3</stat>
</suite>
</statistics>
<errors>
<msg timestamp="20220218 22:17:54.619" level="ERROR">Taking listener 'RobotStackTracer' into use failed: Importing listener 'RobotStackTracer' failed: ModuleNotFoundError: No module named 'RobotStackTracer'
Traceback (most recent call last):
  None
PYTHONPATH:
  C:\Users\tarun.jaiswal\PycharmProjects\pythonProject\venv\Scripts\robot.exe
  C:\Users\tarun.jaiswal\AppData\Local\Programs\Python\Python39\python39.zip
  C:\Users\tarun.jaiswal\AppData\Local\Programs\Python\Python39\DLLs
  C:\Users\tarun.jaiswal\AppData\Local\Programs\Python\Python39\lib
  C:\Users\tarun.jaiswal\AppData\Local\Programs\Python\Python39
  c:\users\tarun.jaiswal\pycharmprojects\pythonproject\venv
  c:\users\tarun.jaiswal\pycharmprojects\pythonproject\venv\lib\site-packages</msg>
</errors>
</robot>
