<?xml version="1.0" encoding="UTF-8"?>
<robot generator="Robot 4.1.3 (Python 3.9.10 on win32)" generated="20220218 22:17:54.662" rpa="false" schemaversion="2">
<suite id="s1" name="Tests" source="C:\Users\tarun.jaiswal\PycharmProjects\pythonProject\robotframework\tests">
<suite id="s1-s1" name="testDemo7" source="C:\Users\tarun.jaiswal\PycharmProjects\pythonProject\robotframework\tests\testDemo7.robot">
<test id="s1-s1-t1" name="Validate UnSuccessful Login">
<kw name="open the browser with the Mortage payment url" library="generic" type="SETUP">
<kw name="Create Webdriver" library="SeleniumLibrary">
<arg>Chrome</arg>
<arg>executable_path=${exec_path}</arg>
<doc>Creates an instance of Selenium WebDriver.</doc>
<msg timestamp="20220218 22:17:55.111" level="INFO">Creating an instance of the Chrome WebDriver.</msg>
<status status="PASS" starttime="20220218 22:17:55.110" endtime="20220218 22:17:58.523"/>
</kw>
<kw name="Go To" library="SeleniumLibrary">
<arg>${url}</arg>
<doc>Navigates the current browser window to the provided ``url``.</doc>
<msg timestamp="20220218 22:17:58.524" level="INFO">Opening url 'https://rahulshettyacademy.com/loginpagePractise/'</msg>
<status status="PASS" starttime="20220218 22:17:58.524" endtime="20220218 22:18:00.282"/>
</kw>
<status status="PASS" starttime="20220218 22:17:55.109" endtime="20220218 22:18:00.283"/>
</kw>
<kw name="Fill the login Form" library="LandingPage">
<arg>${user_name}</arg>
<arg>${invalid_password}</arg>
<kw name="Input Text" library="SeleniumLibrary">
<arg>id:username</arg>
<arg>${username}</arg>
<doc>Types the given ``text`` into the text field identified by ``locator``.</doc>
<msg timestamp="20220218 22:18:00.285" level="INFO">Typing text 'rahulshettyacademy' into text field 'id:username'.</msg>
<status status="PASS" starttime="20220218 22:18:00.284" endtime="20220218 22:18:01.054"/>
</kw>
<kw name="Input Password" library="SeleniumLibrary">
<arg>id:password</arg>
<arg>${password}</arg>
<doc>Types the given password into the text field identified by ``locator``.</doc>
<msg timestamp="20220218 22:18:01.055" level="INFO">Typing password into text field 'id:password'.</msg>
<msg timestamp="20220218 22:18:01.235" level="INFO">Temporally setting log level to: NONE</msg>
<msg timestamp="20220218 22:18:01.471" level="INFO">Log level changed from NONE to INFO.</msg>
<status status="PASS" starttime="20220218 22:18:01.054" endtime="20220218 22:18:01.471"/>
</kw>
<kw name="Click Button" library="SeleniumLibrary">
<arg>id:signInBtn</arg>
<doc>Clicks the button identified by ``locator``.</doc>
<msg timestamp="20220218 22:18:01.473" level="INFO">Clicking button 'id:signInBtn'.</msg>
<status status="PASS" starttime="20220218 22:18:01.472" endtime="20220218 22:18:01.829"/>
</kw>
<status status="PASS" starttime="20220218 22:18:00.283" endtime="20220218 22:18:01.829"/>
</kw>
<kw name="wait until Element is located in the page" library="generic">
<arg>${Error_Message_login}</arg>
<kw name="Wait Until Element Is Visible" library="SeleniumLibrary">
<arg>${element}</arg>
<doc>Waits until the element ``locator`` is visible.</doc>
<status status="PASS" starttime="20220218 22:18:01.830" endtime="20220218 22:18:03.944"/>
</kw>
<status status="PASS" starttime="20220218 22:18:01.829" endtime="20220218 22:18:03.945"/>
</kw>
<kw name="verify error message is correct" library="LandingPage">
<kw name="Get Text" library="SeleniumLibrary">
<var>${result}</var>
<arg>${Error_Message_login}</arg>
<doc>Returns the text value of the element identified by ``locator``.</doc>
<msg timestamp="20220218 22:18:04.002" level="INFO">${result} = Incorrect username/password.</msg>
<status status="PASS" starttime="20220218 22:18:03.946" endtime="20220218 22:18:04.002"/>
</kw>
<kw name="Should Be Equal As Strings" library="BuiltIn">
<arg>${result}</arg>
<arg>${incorrect_msg}</arg>
<doc>Fails if objects are unequal after converting them to strings.</doc>
<status status="PASS" starttime="20220218 22:18:04.003" endtime="20220218 22:18:04.003"/>
</kw>
<status status="PASS" starttime="20220218 22:18:03.945" endtime="20220218 22:18:04.004"/>
</kw>
<kw name="Close browser session" library="generic" type="TEARDOWN">
<kw name="Close Browser" library="SeleniumLibrary">
<doc>Closes the current browser.</doc>
<status status="PASS" starttime="20220218 22:18:04.008" endtime="20220218 22:18:06.473"/>
</kw>
<status status="PASS" starttime="20220218 22:18:04.006" endtime="20220218 22:18:06.474"/>
</kw>
<status status="PASS" starttime="20220218 22:17:55.108" endtime="20220218 22:18:06.474"/>
</test>
<test id="s1-s1-t2" name="Validate cards display in the shopping page">
<kw name="open the browser with the Mortage payment url" library="generic" type="SETUP">
<kw name="Create Webdriver" library="SeleniumLibrary">
<arg>Chrome</arg>
<arg>executable_path=${exec_path}</arg>
<doc>Creates an instance of Selenium WebDriver.</doc>
<msg timestamp="20220218 22:18:06.476" level="INFO">Creating an instance of the Chrome WebDriver.</msg>
<status status="PASS" starttime="20220218 22:18:06.475" endtime="20220218 22:18:08.315"/>
</kw>
<kw name="Go To" library="SeleniumLibrary">
<arg>${url}</arg>
<doc>Navigates the current browser window to the provided ``url``.</doc>
<msg timestamp="20220218 22:18:08.315" level="INFO">Opening url 'https://rahulshettyacademy.com/loginpagePractise/'</msg>
<status status="PASS" starttime="20220218 22:18:08.315" endtime="20220218 22:18:09.510"/>
</kw>
<status status="PASS" starttime="20220218 22:18:06.475" endtime="20220218 22:18:09.510"/>
</kw>
<kw name="Fill the login Form" library="LandingPage">
<arg>${user_name}</arg>
<arg>${valid_password}</arg>
<kw name="Input Text" library="SeleniumLibrary">
<arg>id:username</arg>
<arg>${username}</arg>
<doc>Types the given ``text`` into the text field identified by ``locator``.</doc>
<msg timestamp="20220218 22:18:09.514" level="INFO">Typing text 'rahulshettyacademy' into text field 'id:username'.</msg>
<status status="PASS" starttime="20220218 22:18:09.511" endtime="20220218 22:18:10.445"/>
</kw>
<kw name="Input Password" library="SeleniumLibrary">
<arg>id:password</arg>
<arg>${password}</arg>
<doc>Types the given password into the text field identified by ``locator``.</doc>
<msg timestamp="20220218 22:18:10.446" level="INFO">Typing password into text field 'id:password'.</msg>
<msg timestamp="20220218 22:18:10.532" level="INFO">Temporally setting log level to: NONE</msg>
<msg timestamp="20220218 22:18:10.626" level="INFO">Log level changed from NONE to INFO.</msg>
<status status="PASS" starttime="20220218 22:18:10.446" endtime="20220218 22:18:10.626"/>
</kw>
<kw name="Click Button" library="SeleniumLibrary">
<arg>id:signInBtn</arg>
<doc>Clicks the button identified by ``locator``.</doc>
<msg timestamp="20220218 22:18:10.627" level="INFO">Clicking button 'id:signInBtn'.</msg>
<status status="PASS" starttime="20220218 22:18:10.626" endtime="20220218 22:18:10.862"/>
</kw>
<status status="PASS" starttime="20220218 22:18:09.511" endtime="20220218 22:18:10.864"/>
</kw>
<kw name="wait until Element is located in the page" library="generic">
<arg>${Shop_Page_Load}</arg>
<kw name="Wait Until Element Is Visible" library="SeleniumLibrary">
<arg>${element}</arg>
<doc>Waits until the element ``locator`` is visible.</doc>
<status status="PASS" starttime="20220218 22:18:10.864" endtime="20220218 22:18:16.675"/>
</kw>
<status status="PASS" starttime="20220218 22:18:10.864" endtime="20220218 22:18:16.675"/>
</kw>
<kw name="verify card titles in the Shop page" library="ShopPage">
<kw name="Create List" library="BuiltIn">
<var>@{expected_list}</var>
<arg>iphone X</arg>
<arg>Samsung Note 8</arg>
<arg>Nokia Edge</arg>
<arg>Blackberry</arg>
<doc>Returns a list containing given items.</doc>
<msg timestamp="20220218 22:18:16.677" level="INFO">@{expected_list} = [ iphone X | Samsung Note 8 | Nokia Edge | Blackberry ]</msg>
<status status="PASS" starttime="20220218 22:18:16.677" endtime="20220218 22:18:16.678"/>
</kw>
<kw name="Create List" library="BuiltIn">
<var>@{actual_list}</var>
<doc>Returns a list containing given items.</doc>
<msg timestamp="20220218 22:18:16.678" level="INFO">@{actual_list} = [ ]</msg>
<status status="PASS" starttime="20220218 22:18:16.678" endtime="20220218 22:18:16.678"/>
</kw>
<kw name="Get WebElements" library="SeleniumLibrary">
<var>${elements}</var>
<arg>css:.card-title</arg>
<doc>Returns a list of WebElement objects matching the ``locator``.</doc>
<msg timestamp="20220218 22:18:16.696" level="INFO">${elements} = [&lt;selenium.webdriver.remote.webelement.WebElement (session="6d72e1a6551d525138f1c9e4a72caec9", element="9888f5c4-02ca-435a-b52f-ebb21816cebc")&gt;, &lt;selenium.webdriver.remote.webelement.WebElement (sessi...</msg>
<status status="PASS" starttime="20220218 22:18:16.679" endtime="20220218 22:18:16.696"/>
</kw>
<for flavor="IN">
<var>${element}</var>
<value>@{elements}</value>
<iter>
<var name="${element}">&lt;selenium.webdriver.remote.webelement.WebElement (session="6d72e1a6551d525138f1c9e4a72caec9", element="9888f5c4-02ca-435a-b52f-ebb21816cebc")&gt;</var>
<kw name="Log" library="BuiltIn">
<arg>${element.text}</arg>
<doc>Logs the given message with the given level.</doc>
<msg timestamp="20220218 22:18:16.719" level="INFO">iphone X</msg>
<status status="PASS" starttime="20220218 22:18:16.697" endtime="20220218 22:18:16.719"/>
</kw>
<kw name="Append To List" library="Collections">
<arg>${actual_list}</arg>
<arg>${element.text}</arg>
<doc>Adds ``values`` to the end of ``list``.</doc>
<status status="PASS" starttime="20220218 22:18:16.719" endtime="20220218 22:18:16.730"/>
</kw>
<status status="PASS" starttime="20220218 22:18:16.697" endtime="20220218 22:18:16.730"/>
</iter>
<iter>
<var name="${element}">&lt;selenium.webdriver.remote.webelement.WebElement (session="6d72e1a6551d525138f1c9e4a72caec9", element="dd68a575-48ac-4746-b0ac-851442174a9b")&gt;</var>
<kw name="Log" library="BuiltIn">
<arg>${element.text}</arg>
<doc>Logs the given message with the given level.</doc>
<msg timestamp="20220218 22:18:16.750" level="INFO">Samsung Note 8</msg>
<status status="PASS" starttime="20220218 22:18:16.730" endtime="20220218 22:18:16.750"/>
</kw>
<kw name="Append To List" library="Collections">
<arg>${actual_list}</arg>
<arg>${element.text}</arg>
<doc>Adds ``values`` to the end of ``list``.</doc>
<status status="PASS" starttime="20220218 22:18:16.750" endtime="20220218 22:18:16.761"/>
</kw>
<status status="PASS" starttime="20220218 22:18:16.730" endtime="20220218 22:18:16.761"/>
</iter>
<iter>
<var name="${element}">&lt;selenium.webdriver.remote.webelement.WebElement (session="6d72e1a6551d525138f1c9e4a72caec9", element="0657e4a9-713f-4c7f-bd5c-b4688a6a8c13")&gt;</var>
<kw name="Log" library="BuiltIn">
<arg>${element.text}</arg>
<doc>Logs the given message with the given level.</doc>
<msg timestamp="20220218 22:18:16.780" level="INFO">Nokia Edge</msg>
<status status="PASS" starttime="20220218 22:18:16.761" endtime="20220218 22:18:16.780"/>
</kw>
<kw name="Append To List" library="Collections">
<arg>${actual_list}</arg>
<arg>${element.text}</arg>
<doc>Adds ``values`` to the end of ``list``.</doc>
<status status="PASS" starttime="20220218 22:18:16.781" endtime="20220218 22:18:16.791"/>
</kw>
<status status="PASS" starttime="20220218 22:18:16.761" endtime="20220218 22:18:16.791"/>
</iter>
<iter>
<var name="${element}">&lt;selenium.webdriver.remote.webelement.WebElement (session="6d72e1a6551d525138f1c9e4a72caec9", element="df7e4193-88e0-4803-8ccb-f5b033c37207")&gt;</var>
<kw name="Log" library="BuiltIn">
<arg>${element.text}</arg>
<doc>Logs the given message with the given level.</doc>
<msg timestamp="20220218 22:18:16.806" level="INFO">Blackberry</msg>
<status status="PASS" starttime="20220218 22:18:16.791" endtime="20220218 22:18:16.806"/>
</kw>
<kw name="Append To List" library="Collections">
<arg>${actual_list}</arg>
<arg>${element.text}</arg>
<doc>Adds ``values`` to the end of ``list``.</doc>
<status status="PASS" starttime="20220218 22:18:16.806" endtime="20220218 22:18:16.817"/>
</kw>
<status status="PASS" starttime="20220218 22:18:16.791" endtime="20220218 22:18:16.817"/>
</iter>
<status status="PASS" starttime="20220218 22:18:16.697" endtime="20220218 22:18:16.817"/>
</for>
<kw name="Lists Should Be Equal" library="Collections">
<arg>${expected_list}</arg>
<arg>${actual_list}</arg>
<doc>Fails if given lists are unequal.</doc>
<status status="PASS" starttime="20220218 22:18:16.817" endtime="20220218 22:18:16.817"/>
</kw>
<status status="PASS" starttime="20220218 22:18:16.676" endtime="20220218 22:18:16.818"/>
</kw>
<kw name="Hello World" library="Shop">
<msg timestamp="20220218 22:18:16.819" level="INFO">Hello world in robot custom library</msg>
<status status="PASS" starttime="20220218 22:18:16.818" endtime="20220218 22:18:16.819"/>
</kw>
<kw name="Add Items To Cart And Checkout" library="Shop">
<arg>${listofProducts}</arg>
<msg timestamp="20220218 22:18:16.850" level="INFO">Clicking button 'xpath:(//div[@class='card-footer'])[3]/button'.</msg>
<msg timestamp="20220218 22:18:16.941" level="INFO">Clicking button 'xpath:(//div[@class='card-footer'])[4]/button'.</msg>
<msg timestamp="20220218 22:18:17.009" level="INFO">Clicking link 'css:li.active a'.</msg>
<status status="PASS" starttime="20220218 22:18:16.819" endtime="20220218 22:18:17.072"/>
</kw>
<kw name="Verify items in the checkout page and proceed" library="Checkout">
<arg>${listofProducts}</arg>
<kw name="Create List" library="BuiltIn">
<var>@{actual_list}</var>
<doc>Returns a list containing given items.</doc>
<msg timestamp="20220218 22:18:17.073" level="INFO">@{actual_list} = [ ]</msg>
<status status="PASS" starttime="20220218 22:18:17.073" endtime="20220218 22:18:17.073"/>
</kw>
<kw name="Get WebElements" library="SeleniumLibrary">
<var>${elements}</var>
<arg>css:h4.media-heading a</arg>
<doc>Returns a list of WebElement objects matching the ``locator``.</doc>
<msg timestamp="20220218 22:18:17.086" level="INFO">${elements} = [&lt;selenium.webdriver.remote.webelement.WebElement (session="6d72e1a6551d525138f1c9e4a72caec9", element="3fc6af38-4378-4fb1-986a-1f9125b6493d")&gt;, &lt;selenium.webdriver.remote.webelement.WebElement (sessi...</msg>
<status status="PASS" starttime="20220218 22:18:17.074" endtime="20220218 22:18:17.086"/>
</kw>
<for flavor="IN">
<var>${element}</var>
<value>@{elements}</value>
<iter>
<var name="${element}">&lt;selenium.webdriver.remote.webelement.WebElement (session="6d72e1a6551d525138f1c9e4a72caec9", element="3fc6af38-4378-4fb1-986a-1f9125b6493d")&gt;</var>
<kw name="Log" library="BuiltIn">
<arg>${element.text}</arg>
<doc>Logs the given message with the given level.</doc>
<msg timestamp="20220218 22:18:17.102" level="INFO">Nokia Edge</msg>
<status status="PASS" starttime="20220218 22:18:17.087" endtime="20220218 22:18:17.102"/>
</kw>
<kw name="Append To List" library="Collections">
<arg>${actual_list}</arg>
<arg>${element.text}</arg>
<doc>Adds ``values`` to the end of ``list``.</doc>
<status status="PASS" starttime="20220218 22:18:17.103" endtime="20220218 22:18:17.113"/>
</kw>
<status status="PASS" starttime="20220218 22:18:17.086" endtime="20220218 22:18:17.113"/>
</iter>
<iter>
<var name="${element}">&lt;selenium.webdriver.remote.webelement.WebElement (session="6d72e1a6551d525138f1c9e4a72caec9", element="955e3bf8-efdb-477b-888d-89072d6bd5a5")&gt;</var>
<kw name="Log" library="BuiltIn">
<arg>${element.text}</arg>
<doc>Logs the given message with the given level.</doc>
<msg timestamp="20220218 22:18:17.131" level="INFO">Blackberry</msg>
<status status="PASS" starttime="20220218 22:18:17.113" endtime="20220218 22:18:17.131"/>
</kw>
<kw name="Append To List" library="Collections">
<arg>${actual_list}</arg>
<arg>${element.text}</arg>
<doc>Adds ``values`` to the end of ``list``.</doc>
<status status="PASS" starttime="20220218 22:18:17.131" endtime="20220218 22:18:17.140"/>
</kw>
<status status="PASS" starttime="20220218 22:18:17.113" endtime="20220218 22:18:17.140"/>
</iter>
<status status="PASS" starttime="20220218 22:18:17.086" endtime="20220218 22:18:17.140"/>
</for>
<kw name="Lists Should Be Equal" library="Collections">
<arg>${expected_list}</arg>
<arg>${actual_list}</arg>
<doc>Fails if given lists are unequal.</doc>
<status status="PASS" starttime="20220218 22:18:17.140" endtime="20220218 22:18:17.140"/>
</kw>
<kw name="Click Button" library="SeleniumLibrary">
<arg>css:button.btn.btn-success</arg>
<doc>Clicks the button identified by ``locator``.</doc>
<msg timestamp="20220218 22:18:17.141" level="INFO">Clicking button 'css:button.btn.btn-success'.</msg>
<status status="PASS" starttime="20220218 22:18:17.141" endtime="20220218 22:18:17.231"/>
</kw>
<status status="PASS" starttime="20220218 22:18:17.072" endtime="20220218 22:18:17.231"/>
</kw>
<kw name="wait until Element is located in the page" library="generic">
<arg>${country_text_box_element}</arg>
<kw name="Wait Until Element Is Visible" library="SeleniumLibrary">
<arg>${element}</arg>
<doc>Waits until the element ``locator`` is visible.</doc>
<status status="PASS" starttime="20220218 22:18:17.232" endtime="20220218 22:18:17.262"/>
</kw>
<status status="PASS" starttime="20220218 22:18:17.231" endtime="20220218 22:18:17.262"/>
</kw>
<kw name="enter the country in text box" library="Checkout">
<arg>India</arg>
<kw name="Input Text" library="SeleniumLibrary">
<arg>${country_text_box_element}</arg>
<arg>${country_name}</arg>
<doc>Types the given ``text`` into the text field identified by ``locator``.</doc>
<msg timestamp="20220218 22:18:17.264" level="INFO">Typing text 'India' into text field 'css:input.validate'.</msg>
<status status="PASS" starttime="20220218 22:18:17.263" endtime="20220218 22:18:17.356"/>
</kw>
<kw name="Sleep" library="BuiltIn">
<arg>5</arg>
<doc>Pauses the test executed for the given time.</doc>
<msg timestamp="20220218 22:18:22.362" level="INFO">Slept 5 seconds</msg>
<status status="PASS" starttime="20220218 22:18:17.357" endtime="20220218 22:18:22.362"/>
</kw>
<status status="PASS" starttime="20220218 22:18:17.263" endtime="20220218 22:18:22.363"/>
</kw>
<kw name="wait until Element is located in the page" library="generic">
<arg>${Country_Input}</arg>
<kw name="Wait Until Element Is Visible" library="SeleniumLibrary">
<arg>${element}</arg>
<doc>Waits until the element ``locator`` is visible.</doc>
<status status="PASS" starttime="20220218 22:18:22.366" endtime="20220218 22:18:22.467"/>
</kw>
<status status="PASS" starttime="20220218 22:18:22.364" endtime="20220218 22:18:22.468"/>
</kw>
<kw name="verify the item placed" library="Checkout">
<kw name="Sleep" library="BuiltIn">
<arg>5</arg>
<doc>Pauses the test executed for the given time.</doc>
<msg timestamp="20220218 22:18:27.483" level="INFO">Slept 5 seconds</msg>
<status status="PASS" starttime="20220218 22:18:22.469" endtime="20220218 22:18:27.483"/>
</kw>
<kw name="Click Element" library="SeleniumLibrary">
<arg>${Country_Input}</arg>
<doc>Click the element identified by ``locator``.</doc>
<msg timestamp="20220218 22:18:27.483" level="INFO">Clicking element '//ul/li/a[contains(text(),'India')]'.</msg>
<status status="PASS" starttime="20220218 22:18:27.483" endtime="20220218 22:18:27.549"/>
</kw>
<kw name="Click Element" library="SeleniumLibrary">
<arg>css:.checkbox label</arg>
<doc>Click the element identified by ``locator``.</doc>
<msg timestamp="20220218 22:18:27.549" level="INFO">Clicking element 'css:.checkbox label'.</msg>
<status status="PASS" starttime="20220218 22:18:27.549" endtime="20220218 22:18:27.791"/>
</kw>
<status status="PASS" starttime="20220218 22:18:22.468" endtime="20220218 22:18:27.792"/>
</kw>
<kw name="verify the product placed confirmation" library="ConfirmationPage">
<kw name="Click Button" library="SeleniumLibrary">
<arg>css:.btn-success</arg>
<doc>Clicks the button identified by ``locator``.</doc>
<msg timestamp="20220218 22:18:27.793" level="INFO">Clicking button 'css:.btn-success'.</msg>
<status status="PASS" starttime="20220218 22:18:27.793" endtime="20220218 22:18:28.190"/>
</kw>
<kw name="Get Text" library="SeleniumLibrary">
<var>${success_text}</var>
<arg>css:div.alert strong</arg>
<doc>Returns the text value of the element identified by ``locator``.</doc>
<msg timestamp="20220218 22:18:28.229" level="INFO">${success_text} = Success!</msg>
<status status="PASS" starttime="20220218 22:18:28.190" endtime="20220218 22:18:28.229"/>
</kw>
<kw name="Should Be Equal As Strings" library="BuiltIn">
<arg>${success_text}</arg>
<arg>Success!</arg>
<doc>Fails if objects are unequal after converting them to strings.</doc>
<status status="PASS" starttime="20220218 22:18:28.229" endtime="20220218 22:18:28.230"/>
</kw>
<status status="PASS" starttime="20220218 22:18:27.792" endtime="20220218 22:18:28.230"/>
</kw>
<kw name="Close browser session" library="generic" type="TEARDOWN">
<kw name="Close Browser" library="SeleniumLibrary">
<doc>Closes the current browser.</doc>
<status status="PASS" starttime="20220218 22:18:28.231" endtime="20220218 22:18:30.524"/>
</kw>
<status status="PASS" starttime="20220218 22:18:28.230" endtime="20220218 22:18:30.524"/>
</kw>
<status status="PASS" starttime="20220218 22:18:06.474" endtime="20220218 22:18:30.525"/>
</test>
<doc>To Valid the login page</doc>
<status status="PASS" starttime="20220218 22:17:54.710" endtime="20220218 22:18:30.528"/>
</suite>
<status status="PASS" starttime="20220218 22:17:54.669" endtime="20220218 22:18:30.536"/>
</suite>
<statistics>
<total>
<stat pass="2" fail="0" skip="0">All Tests</stat>
</total>
<tag>
</tag>
<suite>
<stat pass="2" fail="0" skip="0" id="s1" name="Tests">Tests</stat>
<stat pass="2" fail="0" skip="0" id="s1-s1" name="testDemo7">Tests.testDemo7</stat>
</suite>
</statistics>
<errors>
<msg timestamp="20220218 22:17:54.665" level="ERROR">Taking listener 'RobotStackTracer' into use failed: Importing listener 'RobotStackTracer' failed: ModuleNotFoundError: No module named 'RobotStackTracer'
Traceback (most recent call last):
  None
PYTHONPATH:
  C:\Users\tarun.jaiswal\PycharmProjects\pythonProject\venv\Scripts\robot.exe
  C:\Users\tarun.jaiswal\AppData\Local\Programs\Python\Python39\python39.zip
  C:\Users\tarun.jaiswal\AppData\Local\Programs\Python\Python39\DLLs
  C:\Users\tarun.jaiswal\AppData\Local\Programs\Python\Python39\lib
  C:\Users\tarun.jaiswal\AppData\Local\Programs\Python\Python39
  c:\users\tarun.jaiswal\pycharmprojects\pythonproject\venv
  c:\users\tarun.jaiswal\pycharmprojects\pythonproject\venv\lib\site-packages</msg>
</errors>
</robot>
