<?xml version="1.0" encoding="UTF-8"?>
<robot generator="Robot 4.1.3 (Python 3.9.10 on win32)" generated="20220218 22:17:54.550" rpa="false" schemaversion="2">
<suite id="s1" name="Tests" source="C:\Users\tarun.jaiswal\PycharmProjects\pythonProject\robotframework\tests">
<suite id="s1-s1" name="testDemo6" source="C:\Users\tarun.jaiswal\PycharmProjects\pythonProject\robotframework\tests\testDemo6.robot">
<test id="s1-s1-t1" name="Validate cards display in the shopping page">
<kw name="open the browser with the Mortage payment url" library="generic" type="SETUP">
<kw name="Create Webdriver" library="SeleniumLibrary">
<arg>Chrome</arg>
<arg>executable_path=${exec_path}</arg>
<doc>Creates an instance of Selenium WebDriver.</doc>
<msg timestamp="20220218 22:17:55.018" level="INFO">Creating an instance of the Chrome WebDriver.</msg>
<status status="PASS" starttime="20220218 22:17:55.018" endtime="20220218 22:17:58.641"/>
</kw>
<kw name="Go To" library="SeleniumLibrary">
<arg>${url}</arg>
<doc>Navigates the current browser window to the provided ``url``.</doc>
<msg timestamp="20220218 22:17:58.643" level="INFO">Opening url 'https://rahulshettyacademy.com/loginpagePractise/'</msg>
<status status="PASS" starttime="20220218 22:17:58.642" endtime="20220218 22:18:00.743"/>
</kw>
<status status="PASS" starttime="20220218 22:17:55.018" endtime="20220218 22:18:00.746"/>
</kw>
<kw name="Fill the login Form">
<arg>${user_name}</arg>
<arg>${valid_password}</arg>
<kw name="Input Text" library="SeleniumLibrary">
<arg>id:username</arg>
<arg>${username}</arg>
<doc>Types the given ``text`` into the text field identified by ``locator``.</doc>
<msg timestamp="20220218 22:18:00.749" level="INFO">Typing text 'rahulshettyacademy' into text field 'id:username'.</msg>
<status status="PASS" starttime="20220218 22:18:00.748" endtime="20220218 22:18:01.189"/>
</kw>
<kw name="Input Password" library="SeleniumLibrary">
<arg>id:password</arg>
<arg>${password}</arg>
<doc>Types the given password into the text field identified by ``locator``.</doc>
<msg timestamp="20220218 22:18:01.193" level="INFO">Typing password into text field 'id:password'.</msg>
<msg timestamp="20220218 22:18:01.285" level="INFO">Temporally setting log level to: NONE</msg>
<msg timestamp="20220218 22:18:01.489" level="INFO">Log level changed from NONE to INFO.</msg>
<status status="PASS" starttime="20220218 22:18:01.190" endtime="20220218 22:18:01.489"/>
</kw>
<kw name="Click Button" library="SeleniumLibrary">
<arg>id:signInBtn</arg>
<doc>Clicks the button identified by ``locator``.</doc>
<msg timestamp="20220218 22:18:01.490" level="INFO">Clicking button 'id:signInBtn'.</msg>
<status status="PASS" starttime="20220218 22:18:01.489" endtime="20220218 22:18:01.770"/>
</kw>
<status status="PASS" starttime="20220218 22:18:00.746" endtime="20220218 22:18:01.770"/>
</kw>
<kw name="wait until Element is located in the page">
<arg>${Shop_Page_Load}</arg>
<kw name="Wait Until Element Is Visible" library="SeleniumLibrary">
<arg>${element}</arg>
<doc>Waits until the element ``locator`` is visible.</doc>
<status status="PASS" starttime="20220218 22:18:01.771" endtime="20220218 22:18:10.044"/>
</kw>
<status status="PASS" starttime="20220218 22:18:01.770" endtime="20220218 22:18:10.045"/>
</kw>
<kw name="verify card titles in the Shop page">
<kw name="Create List" library="BuiltIn">
<var>@{expected_list}</var>
<arg>iphone X</arg>
<arg>Samsung Note 8</arg>
<arg>Nokia Edge</arg>
<arg>Blackberry</arg>
<doc>Returns a list containing given items.</doc>
<msg timestamp="20220218 22:18:10.046" level="INFO">@{expected_list} = [ iphone X | Samsung Note 8 | Nokia Edge | Blackberry ]</msg>
<status status="PASS" starttime="20220218 22:18:10.046" endtime="20220218 22:18:10.046"/>
</kw>
<kw name="Create List" library="BuiltIn">
<var>@{actual_list}</var>
<doc>Returns a list containing given items.</doc>
<msg timestamp="20220218 22:18:10.047" level="INFO">@{actual_list} = [ ]</msg>
<status status="PASS" starttime="20220218 22:18:10.046" endtime="20220218 22:18:10.047"/>
</kw>
<kw name="Get WebElements" library="SeleniumLibrary">
<var>${elements}</var>
<arg>css:.card-title</arg>
<doc>Returns a list of WebElement objects matching the ``locator``.</doc>
<msg timestamp="20220218 22:18:10.123" level="INFO">${elements} = [&lt;selenium.webdriver.remote.webelement.WebElement (session="94fd0e4f84b03361b4c97cd6a837c224", element="6bba32da-453c-479a-8b96-129a69f15a20")&gt;, &lt;selenium.webdriver.remote.webelement.WebElement (sessi...</msg>
<status status="PASS" starttime="20220218 22:18:10.047" endtime="20220218 22:18:10.123"/>
</kw>
<for flavor="IN">
<var>${element}</var>
<value>@{elements}</value>
<iter>
<var name="${element}">&lt;selenium.webdriver.remote.webelement.WebElement (session="94fd0e4f84b03361b4c97cd6a837c224", element="6bba32da-453c-479a-8b96-129a69f15a20")&gt;</var>
<kw name="Log" library="BuiltIn">
<arg>${element.text}</arg>
<doc>Logs the given message with the given level.</doc>
<msg timestamp="20220218 22:18:10.256" level="INFO">iphone X</msg>
<status status="PASS" starttime="20220218 22:18:10.124" endtime="20220218 22:18:10.256"/>
</kw>
<kw name="Append To List" library="Collections">
<arg>${actual_list}</arg>
<arg>${element.text}</arg>
<doc>Adds ``values`` to the end of ``list``.</doc>
<status status="PASS" starttime="20220218 22:18:10.256" endtime="20220218 22:18:10.282"/>
</kw>
<status status="PASS" starttime="20220218 22:18:10.124" endtime="20220218 22:18:10.282"/>
</iter>
<iter>
<var name="${element}">&lt;selenium.webdriver.remote.webelement.WebElement (session="94fd0e4f84b03361b4c97cd6a837c224", element="8f1f6c7a-d7e1-43dc-b4f6-a2974ccc800e")&gt;</var>
<kw name="Log" library="BuiltIn">
<arg>${element.text}</arg>
<doc>Logs the given message with the given level.</doc>
<msg timestamp="20220218 22:18:10.344" level="INFO">Samsung Note 8</msg>
<status status="PASS" starttime="20220218 22:18:10.283" endtime="20220218 22:18:10.344"/>
</kw>
<kw name="Append To List" library="Collections">
<arg>${actual_list}</arg>
<arg>${element.text}</arg>
<doc>Adds ``values`` to the end of ``list``.</doc>
<status status="PASS" starttime="20220218 22:18:10.344" endtime="20220218 22:18:10.405"/>
</kw>
<status status="PASS" starttime="20220218 22:18:10.283" endtime="20220218 22:18:10.406"/>
</iter>
<iter>
<var name="${element}">&lt;selenium.webdriver.remote.webelement.WebElement (session="94fd0e4f84b03361b4c97cd6a837c224", element="29084eab-07f3-4644-9866-b0f904c21a6e")&gt;</var>
<kw name="Log" library="BuiltIn">
<arg>${element.text}</arg>
<doc>Logs the given message with the given level.</doc>
<msg timestamp="20220218 22:18:10.478" level="INFO">Nokia Edge</msg>
<status status="PASS" starttime="20220218 22:18:10.406" endtime="20220218 22:18:10.478"/>
</kw>
<kw name="Append To List" library="Collections">
<arg>${actual_list}</arg>
<arg>${element.text}</arg>
<doc>Adds ``values`` to the end of ``list``.</doc>
<status status="PASS" starttime="20220218 22:18:10.479" endtime="20220218 22:18:10.494"/>
</kw>
<status status="PASS" starttime="20220218 22:18:10.406" endtime="20220218 22:18:10.494"/>
</iter>
<iter>
<var name="${element}">&lt;selenium.webdriver.remote.webelement.WebElement (session="94fd0e4f84b03361b4c97cd6a837c224", element="ea65e5bf-7831-4992-8c24-df78722f923d")&gt;</var>
<kw name="Log" library="BuiltIn">
<arg>${element.text}</arg>
<doc>Logs the given message with the given level.</doc>
<msg timestamp="20220218 22:18:10.528" level="INFO">Blackberry</msg>
<status status="PASS" starttime="20220218 22:18:10.494" endtime="20220218 22:18:10.528"/>
</kw>
<kw name="Append To List" library="Collections">
<arg>${actual_list}</arg>
<arg>${element.text}</arg>
<doc>Adds ``values`` to the end of ``list``.</doc>
<status status="PASS" starttime="20220218 22:18:10.528" endtime="20220218 22:18:10.558"/>
</kw>
<status status="PASS" starttime="20220218 22:18:10.494" endtime="20220218 22:18:10.558"/>
</iter>
<status status="PASS" starttime="20220218 22:18:10.123" endtime="20220218 22:18:10.558"/>
</for>
<kw name="Lists Should Be Equal" library="Collections">
<arg>${expected_list}</arg>
<arg>${actual_list}</arg>
<doc>Fails if given lists are unequal.</doc>
<status status="PASS" starttime="20220218 22:18:10.559" endtime="20220218 22:18:10.559"/>
</kw>
<status status="PASS" starttime="20220218 22:18:10.045" endtime="20220218 22:18:10.560"/>
</kw>
<kw name="Hello World" library="Shop">
<msg timestamp="20220218 22:18:10.560" level="INFO">Hello world in robot custom library</msg>
<status status="PASS" starttime="20220218 22:18:10.560" endtime="20220218 22:18:10.560"/>
</kw>
<kw name="Add Items To Cart And Checkout" library="Shop">
<arg>${listofProducts}</arg>
<msg timestamp="20220218 22:18:10.619" level="INFO">Clicking button 'xpath:(//div[@class='card-footer'])[3]/button'.</msg>
<msg timestamp="20220218 22:18:10.897" level="INFO">Clicking button 'xpath:(//div[@class='card-footer'])[4]/button'.</msg>
<msg timestamp="20220218 22:18:11.097" level="INFO">Clicking link 'css:li.active a'.</msg>
<status status="PASS" starttime="20220218 22:18:10.560" endtime="20220218 22:18:11.275"/>
</kw>
<status status="PASS" starttime="20220218 22:17:55.017" endtime="20220218 22:18:11.275"/>
</test>
<doc>To Valid the login page</doc>
<status status="PASS" starttime="20220218 22:17:54.614" endtime="20220218 22:18:11.276"/>
</suite>
<status status="PASS" starttime="20220218 22:17:54.557" endtime="20220218 22:18:11.280"/>
</suite>
<statistics>
<total>
<stat pass="1" fail="0" skip="0">All Tests</stat>
</total>
<tag>
</tag>
<suite>
<stat pass="1" fail="0" skip="0" id="s1" name="Tests">Tests</stat>
<stat pass="1" fail="0" skip="0" id="s1-s1" name="testDemo6">Tests.testDemo6</stat>
</suite>
</statistics>
<errors>
<msg timestamp="20220218 22:17:54.553" level="ERROR">Taking listener 'RobotStackTracer' into use failed: Importing listener 'RobotStackTracer' failed: ModuleNotFoundError: No module named 'RobotStackTracer'
Traceback (most recent call last):
  None
PYTHONPATH:
  C:\Users\tarun.jaiswal\PycharmProjects\pythonProject\venv\Scripts\robot.exe
  C:\Users\tarun.jaiswal\AppData\Local\Programs\Python\Python39\python39.zip
  C:\Users\tarun.jaiswal\AppData\Local\Programs\Python\Python39\DLLs
  C:\Users\tarun.jaiswal\AppData\Local\Programs\Python\Python39\lib
  C:\Users\tarun.jaiswal\AppData\Local\Programs\Python\Python39
  c:\users\tarun.jaiswal\pycharmprojects\pythonproject\venv
  c:\users\tarun.jaiswal\pycharmprojects\pythonproject\venv\lib\site-packages</msg>
</errors>
</robot>
